00:14:42.286+0900 [HikariPool-3 housekeeper] WARN  com.zaxxer.hikari.pool.HikariPool - HikariPool-3 - Thread starvation or clock leap detected (housekeeper delta=1h21m14s703ms).
01:20:06.843+0900 [HikariPool-3 housekeeper] WARN  com.zaxxer.hikari.pool.HikariPool - HikariPool-3 - Thread starvation or clock leap detected (housekeeper delta=1h5m24s557ms).
01:48:33.336+0900 [HikariPool-3 housekeeper] WARN  com.zaxxer.hikari.pool.HikariPool - HikariPool-3 - Thread starvation or clock leap detected (housekeeper delta=28m26s492ms).
01:55:28.941+0900 [HikariPool-3 housekeeper] WARN  com.zaxxer.hikari.pool.HikariPool - HikariPool-3 - Thread starvation or clock leap detected (housekeeper delta=6m55s605ms).
02:34:33.518+0900 [HikariPool-3 housekeeper] WARN  com.zaxxer.hikari.pool.HikariPool - HikariPool-3 - Thread starvation or clock leap detected (housekeeper delta=38m34s565ms).
03:26:09.729+0900 [HikariPool-3 housekeeper] WARN  com.zaxxer.hikari.pool.HikariPool - HikariPool-3 - Thread starvation or clock leap detected (housekeeper delta=51m6s215ms).
03:54:05.245+0900 [HikariPool-3 housekeeper] WARN  com.zaxxer.hikari.pool.HikariPool - HikariPool-3 - Thread starvation or clock leap detected (housekeeper delta=27m55s516ms).
04:09:56.784+0900 [HikariPool-3 housekeeper] WARN  com.zaxxer.hikari.pool.HikariPool - HikariPool-3 - Thread starvation or clock leap detected (housekeeper delta=15m51s538ms).
05:15:30.908+0900 [HikariPool-3 housekeeper] WARN  com.zaxxer.hikari.pool.HikariPool - HikariPool-3 - Thread starvation or clock leap detected (housekeeper delta=1h5m34s124ms).
06:19:37.072+0900 [HikariPool-3 housekeeper] WARN  com.zaxxer.hikari.pool.HikariPool - HikariPool-3 - Thread starvation or clock leap detected (housekeeper delta=1h4m6s165ms).
06:23:37.043+0900 [HikariPool-3 housekeeper] WARN  com.zaxxer.hikari.pool.HikariPool - HikariPool-3 - Thread starvation or clock leap detected (housekeeper delta=3m59s970ms).
06:30:14.243+0900 [HikariPool-3 housekeeper] WARN  com.zaxxer.hikari.pool.HikariPool - HikariPool-3 - Thread starvation or clock leap detected (housekeeper delta=6m37s201ms).
07:05:55.540+0900 [HikariPool-3 housekeeper] WARN  com.zaxxer.hikari.pool.HikariPool - HikariPool-3 - Thread starvation or clock leap detected (housekeeper delta=35m11s291ms).
07:08:21.297+0900 [HikariPool-3 housekeeper] WARN  com.zaxxer.hikari.pool.HikariPool - HikariPool-3 - Thread starvation or clock leap detected (housekeeper delta=1m55s745ms).
07:10:15.156+0900 [HikariPool-3 housekeeper] WARN  com.zaxxer.hikari.pool.HikariPool - HikariPool-3 - Thread starvation or clock leap detected (housekeeper delta=1m53s859ms).
07:11:41.954+0900 [HikariPool-3 housekeeper] WARN  com.zaxxer.hikari.pool.HikariPool - HikariPool-3 - Thread starvation or clock leap detected (housekeeper delta=56s795ms).
07:27:20.526+0900 [HikariPool-3 housekeeper] WARN  com.zaxxer.hikari.pool.HikariPool - HikariPool-3 - Thread starvation or clock leap detected (housekeeper delta=15m38s572ms).
07:46:30.815+0900 [HikariPool-3 housekeeper] WARN  com.zaxxer.hikari.pool.HikariPool - HikariPool-3 - Thread starvation or clock leap detected (housekeeper delta=19m10s289ms).
07:50:30.749+0900 [HikariPool-3 housekeeper] WARN  com.zaxxer.hikari.pool.HikariPool - HikariPool-3 - Thread starvation or clock leap detected (housekeeper delta=3m59s934ms).
08:38:17.757+0900 [HikariPool-3 housekeeper] WARN  com.zaxxer.hikari.pool.HikariPool - HikariPool-3 - Thread starvation or clock leap detected (housekeeper delta=47m16s996ms).
09:06:33.713+0900 [HikariPool-3 housekeeper] WARN  com.zaxxer.hikari.pool.HikariPool - HikariPool-3 - Thread starvation or clock leap detected (housekeeper delta=28m15s957ms).
09:23:14.782+0900 [HikariPool-3 housekeeper] WARN  com.zaxxer.hikari.pool.HikariPool - HikariPool-3 - Thread starvation or clock leap detected (housekeeper delta=16m41s68ms).
09:30:23.812+0900 [HikariPool-3 housekeeper] WARN  com.zaxxer.hikari.pool.HikariPool - HikariPool-3 - Thread starvation or clock leap detected (housekeeper delta=7m9s31ms).
09:45:53.968+0900 [HikariPool-3 housekeeper] WARN  com.zaxxer.hikari.pool.HikariPool - HikariPool-3 - Thread starvation or clock leap detected (housekeeper delta=15m30s156ms).
09:49:20.690+0900 [HikariPool-3 housekeeper] WARN  com.zaxxer.hikari.pool.HikariPool - HikariPool-3 - Thread starvation or clock leap detected (housekeeper delta=3m26s722ms).
09:59:34.199+0900 [HikariPool-3 housekeeper] WARN  com.zaxxer.hikari.pool.HikariPool - HikariPool-3 - Thread starvation or clock leap detected (housekeeper delta=10m13s508ms).
10:04:14.768+0900 [HikariPool-3 housekeeper] WARN  com.zaxxer.hikari.pool.HikariPool - HikariPool-3 - Thread starvation or clock leap detected (housekeeper delta=4m10s557ms).
10:07:13.515+0900 [HikariPool-3 housekeeper] WARN  com.zaxxer.hikari.pool.HikariPool - HikariPool-3 - Thread starvation or clock leap detected (housekeeper delta=2m58s747ms).
10:10:53.961+0900 [HikariPool-3 housekeeper] WARN  com.zaxxer.hikari.pool.HikariPool - HikariPool-3 - Thread starvation or clock leap detected (housekeeper delta=1m57s342ms).
10:13:56.498+0900 [HikariPool-3 housekeeper] WARN  com.zaxxer.hikari.pool.HikariPool - HikariPool-3 - Thread starvation or clock leap detected (housekeeper delta=1m52s657ms).
10:17:00.419+0900 [HikariPool-3 housekeeper] WARN  com.zaxxer.hikari.pool.HikariPool - HikariPool-3 - Thread starvation or clock leap detected (housekeeper delta=1m53s258ms).
10:20:21.496+0900 [HikariPool-3 housekeeper] WARN  com.zaxxer.hikari.pool.HikariPool - HikariPool-3 - Thread starvation or clock leap detected (housekeeper delta=1m41s195ms).
10:21:15.021+0900 [HikariPool-3 housekeeper] WARN  com.zaxxer.hikari.pool.HikariPool - HikariPool-3 - Thread starvation or clock leap detected (housekeeper delta=53s525ms).
10:23:36.879+0900 [HikariPool-3 housekeeper] WARN  com.zaxxer.hikari.pool.HikariPool - HikariPool-3 - Thread starvation or clock leap detected (housekeeper delta=1m51s853ms).
10:26:39.053+0900 [HikariPool-3 housekeeper] WARN  com.zaxxer.hikari.pool.HikariPool - HikariPool-3 - Thread starvation or clock leap detected (housekeeper delta=1m51s665ms).
10:29:43.267+0900 [HikariPool-3 housekeeper] WARN  com.zaxxer.hikari.pool.HikariPool - HikariPool-3 - Thread starvation or clock leap detected (housekeeper delta=1m53s658ms).
10:33:13.781+0900 [HikariPool-3 housekeeper] WARN  com.zaxxer.hikari.pool.HikariPool - HikariPool-3 - Thread starvation or clock leap detected (housekeeper delta=1m50s619ms).
10:36:15.090+0900 [HikariPool-3 housekeeper] WARN  com.zaxxer.hikari.pool.HikariPool - HikariPool-3 - Thread starvation or clock leap detected (housekeeper delta=1m48s196ms).
10:38:19.275+0900 [HikariPool-3 housekeeper] WARN  com.zaxxer.hikari.pool.HikariPool - HikariPool-3 - Thread starvation or clock leap detected (housekeeper delta=53s795ms).
10:42:36.560+0900 [HikariPool-3 housekeeper] WARN  com.zaxxer.hikari.pool.HikariPool - HikariPool-3 - Thread starvation or clock leap detected (housekeeper delta=2m557ms).
10:45:40.243+0900 [HikariPool-3 housekeeper] WARN  com.zaxxer.hikari.pool.HikariPool - HikariPool-3 - Thread starvation or clock leap detected (housekeeper delta=1m50s593ms).
10:49:01.482+0900 [HikariPool-3 housekeeper] WARN  com.zaxxer.hikari.pool.HikariPool - HikariPool-3 - Thread starvation or clock leap detected (housekeeper delta=1m3s380ms).
10:52:04.082+0900 [HikariPool-3 housekeeper] WARN  com.zaxxer.hikari.pool.HikariPool - HikariPool-3 - Thread starvation or clock leap detected (housekeeper delta=1m49s701ms).
10:56:16.231+0900 [HikariPool-3 housekeeper] WARN  com.zaxxer.hikari.pool.HikariPool - HikariPool-3 - Thread starvation or clock leap detected (housekeeper delta=3m5s290ms).
10:56:21.359+0900 [http-nio-9282-exec-6] INFO  com.project1.member.MemberController - goSignUp
10:56:21.359+0900 [http-nio-9282-exec-6] INFO  com.project1.member.MemberController - goSignUp
10:56:24.330+0900 [http-nio-9282-exec-2] INFO  com.project1.member.MemberController - goSignUp
10:56:24.330+0900 [http-nio-9282-exec-2] INFO  com.project1.member.MemberController - goSignUp
10:56:32.626+0900 [http-nio-9282-exec-7] INFO  com.project1.member.MemberController - goSignUp
10:56:32.626+0900 [http-nio-9282-exec-7] INFO  com.project1.member.MemberController - goSignUp
10:56:40.667+0900 [http-nio-9282-exec-6] INFO  com.project1.member.MemberController - callCallBack
10:56:40.667+0900 [http-nio-9282-exec-6] INFO  com.project1.member.MemberController - callCallBack
10:56:40.735+0900 [http-nio-9282-exec-3] INFO  com.project1.member.MemberController - goSignUp
10:56:40.735+0900 [http-nio-9282-exec-3] INFO  com.project1.member.MemberController - goSignUp
10:56:40.817+0900 [http-nio-9282-exec-9] INFO  com.project1.member.MemberController - naverCheck
10:56:40.817+0900 [http-nio-9282-exec-9] INFO  com.project1.member.MemberController - naverCheck
10:56:40.825+0900 [http-nio-9282-exec-9] INFO  com.project1.member.MemberService - serviceNaverCheck
10:56:40.825+0900 [http-nio-9282-exec-9] INFO  com.project1.member.MemberService - serviceNaverCheck
10:56:40.831+0900 [http-nio-9282-exec-9] INFO  com.project1.member.MemberController - registered
10:56:40.831+0900 [http-nio-9282-exec-9] INFO  com.project1.member.MemberController - registered
10:56:40.903+0900 [http-nio-9282-exec-6] INFO  com.project1.member.MemberController - goSignUp
10:56:40.903+0900 [http-nio-9282-exec-6] INFO  com.project1.member.MemberController - goSignUp
10:56:48.623+0900 [http-nio-9282-exec-9] INFO  com.project1.member.MemberController - goSignUp
10:56:48.623+0900 [http-nio-9282-exec-9] INFO  com.project1.member.MemberController - goSignUp
10:59:23.286+0900 [http-nio-9282-exec-5] INFO  com.project1.member.MemberController - goSignUp
10:59:23.286+0900 [http-nio-9282-exec-5] INFO  com.project1.member.MemberController - goSignUp
10:59:40.370+0900 [http-nio-9282-exec-1] INFO  com.project1.member.MemberController - goSignUp
10:59:40.370+0900 [http-nio-9282-exec-1] INFO  com.project1.member.MemberController - goSignUp
10:59:45.058+0900 [http-nio-9282-exec-3] INFO  com.project1.member.MemberController - goSignUp
10:59:45.058+0900 [http-nio-9282-exec-3] INFO  com.project1.member.MemberController - goSignUp
10:59:48.936+0900 [http-nio-9282-exec-4] INFO  com.project1.member.MemberController - goSignUp
10:59:48.936+0900 [http-nio-9282-exec-4] INFO  com.project1.member.MemberController - goSignUp
11:00:51.164+0900 [RMI TCP Connection(235)-127.0.0.1] INFO  org.springframework.boot.admin.SpringApplicationAdminMXBeanRegistrar$SpringApplicationAdmin - Application shutdown requested.
11:00:51.191+0900 [RMI TCP Connection(235)-127.0.0.1] INFO  com.zaxxer.hikari.HikariDataSource - HikariPool-3 - Shutdown initiated...
11:00:51.197+0900 [RMI TCP Connection(235)-127.0.0.1] INFO  com.zaxxer.hikari.HikariDataSource - HikariPool-3 - Shutdown completed.
