01:03:26.004+0900 [HikariPool-1 housekeeper] WARN  com.zaxxer.hikari.pool.HikariPool - HikariPool-1 - Thread starvation or clock leap detected (housekeeper delta=1h24m2s252ms).
02:08:54.213+0900 [HikariPool-1 housekeeper] WARN  com.zaxxer.hikari.pool.HikariPool - HikariPool-1 - Thread starvation or clock leap detected (housekeeper delta=1h5m28s209ms).
03:14:39.374+0900 [HikariPool-1 housekeeper] WARN  com.zaxxer.hikari.pool.HikariPool - HikariPool-1 - Thread starvation or clock leap detected (housekeeper delta=1h5m45s160ms).
04:36:49.315+0900 [HikariPool-1 housekeeper] WARN  com.zaxxer.hikari.pool.HikariPool - HikariPool-1 - Thread starvation or clock leap detected (housekeeper delta=1h22m9s942ms).
04:59:22.347+0900 [HikariPool-1 housekeeper] WARN  com.zaxxer.hikari.pool.HikariPool - HikariPool-1 - Thread starvation or clock leap detected (housekeeper delta=22m33s33ms).
06:03:22.365+0900 [HikariPool-1 housekeeper] WARN  com.zaxxer.hikari.pool.HikariPool - HikariPool-1 - Thread starvation or clock leap detected (housekeeper delta=1h4m16ms).
07:08:40.522+0900 [HikariPool-1 housekeeper] WARN  com.zaxxer.hikari.pool.HikariPool - HikariPool-1 - Thread starvation or clock leap detected (housekeeper delta=1h5m18s158ms).
08:15:48.750+0900 [HikariPool-1 housekeeper] WARN  com.zaxxer.hikari.pool.HikariPool - HikariPool-1 - Thread starvation or clock leap detected (housekeeper delta=1h7m8s228ms).
09:30:01.783+0900 [HikariPool-1 housekeeper] WARN  com.zaxxer.hikari.pool.HikariPool - HikariPool-1 - Thread starvation or clock leap detected (housekeeper delta=1h14m13s33ms).
10:02:55.896+0900 [HikariPool-1 housekeeper] WARN  com.zaxxer.hikari.pool.HikariPool - HikariPool-1 - Thread starvation or clock leap detected (housekeeper delta=32m54s113ms).
10:45:15.571+0900 [HikariPool-1 housekeeper] WARN  com.zaxxer.hikari.pool.HikariPool - HikariPool-1 - Thread starvation or clock leap detected (housekeeper delta=42m19s676ms).
10:48:01.133+0900 [HikariPool-1 housekeeper] WARN  com.zaxxer.hikari.pool.HikariPool - HikariPool-1 - Thread starvation or clock leap detected (housekeeper delta=2m15s552ms).
11:11:19.320+0900 [HikariPool-1 housekeeper] WARN  com.zaxxer.hikari.pool.HikariPool - HikariPool-1 - Thread starvation or clock leap detected (housekeeper delta=19m34s947ms).
12:16:05.593+0900 [HikariPool-1 housekeeper] WARN  com.zaxxer.hikari.pool.HikariPool - HikariPool-1 - Thread starvation or clock leap detected (housekeeper delta=1h4m46s273ms).
12:20:49.861+0900 [HikariPool-1 housekeeper] WARN  com.zaxxer.hikari.pool.HikariPool - HikariPool-1 - Thread starvation or clock leap detected (housekeeper delta=4m44s268ms).
12:55:07.600+0900 [HikariPool-1 housekeeper] WARN  com.zaxxer.hikari.pool.HikariPool - HikariPool-1 - Thread starvation or clock leap detected (housekeeper delta=33m47s724ms).
13:12:34.563+0900 [HikariPool-1 housekeeper] WARN  com.zaxxer.hikari.pool.HikariPool - HikariPool-1 - Thread starvation or clock leap detected (housekeeper delta=17m26s963ms).
13:29:25.695+0900 [HikariPool-1 housekeeper] WARN  com.zaxxer.hikari.pool.HikariPool - HikariPool-1 - Thread starvation or clock leap detected (housekeeper delta=16m51s132ms).
14:37:58.996+0900 [HikariPool-1 housekeeper] WARN  com.zaxxer.hikari.pool.HikariPool - HikariPool-1 - Thread starvation or clock leap detected (housekeeper delta=1h8m3s289ms).
15:12:32.623+0900 [HikariPool-1 housekeeper] WARN  com.zaxxer.hikari.pool.HikariPool - HikariPool-1 - Thread starvation or clock leap detected (housekeeper delta=34m33s627ms).
16:34:25.547+0900 [HikariPool-1 housekeeper] WARN  com.zaxxer.hikari.pool.HikariPool - HikariPool-1 - Thread starvation or clock leap detected (housekeeper delta=1h21m22s915ms).
17:28:57.248+0900 [HikariPool-1 housekeeper] WARN  com.zaxxer.hikari.pool.HikariPool - HikariPool-1 - Thread starvation or clock leap detected (housekeeper delta=54m31s701ms).
17:48:04.875+0900 [HikariPool-1 housekeeper] WARN  com.zaxxer.hikari.pool.HikariPool - HikariPool-1 - Thread starvation or clock leap detected (housekeeper delta=18m37s600ms).
18:13:26.178+0900 [HikariPool-1 housekeeper] WARN  com.zaxxer.hikari.pool.HikariPool - HikariPool-1 - Thread starvation or clock leap detected (housekeeper delta=24m51s289ms).
18:15:31.049+0900 [HikariPool-1 housekeeper] WARN  com.zaxxer.hikari.pool.HikariPool - HikariPool-1 - Thread starvation or clock leap detected (housekeeper delta=2m4s870ms).
18:26:50.726+0900 [HikariPool-1 housekeeper] WARN  com.zaxxer.hikari.pool.HikariPool - HikariPool-1 - Thread starvation or clock leap detected (housekeeper delta=11m19s678ms).
18:40:08.760+0900 [HikariPool-1 housekeeper] WARN  com.zaxxer.hikari.pool.HikariPool - HikariPool-1 - Thread starvation or clock leap detected (housekeeper delta=13m18s34ms).
18:46:57.447+0900 [HikariPool-1 housekeeper] WARN  com.zaxxer.hikari.pool.HikariPool - HikariPool-1 - Thread starvation or clock leap detected (housekeeper delta=6m18s681ms).
19:25:27.562+0900 [HikariPool-1 housekeeper] WARN  com.zaxxer.hikari.pool.HikariPool - HikariPool-1 - Thread starvation or clock leap detected (housekeeper delta=38m30s115ms).
19:27:30.063+0900 [RMI TCP Connection(51)-127.0.0.1] INFO  org.springframework.boot.admin.SpringApplicationAdminMXBeanRegistrar$SpringApplicationAdmin - Application shutdown requested.
19:27:30.087+0900 [RMI TCP Connection(51)-127.0.0.1] INFO  com.zaxxer.hikari.HikariDataSource - HikariPool-1 - Shutdown initiated...
19:27:30.102+0900 [RMI TCP Connection(51)-127.0.0.1] INFO  com.zaxxer.hikari.HikariDataSource - HikariPool-1 - Shutdown completed.
19:27:31.554+0900 [restartedMain] INFO  com.project1.TravelMakerApplication - Starting TravelMakerApplication using Java 11.0.16.1 on hwangjiwon-ui-MacBookAir.local with PID 69854 (/Users/hwangjiwon/eclipse-workspace/TravelMaker/TravelMaker/target/classes started by hwangjiwon in /Users/hwangjiwon/eclipse-workspace/TravelMaker/TravelMaker)
19:27:31.557+0900 [restartedMain] INFO  com.project1.TravelMakerApplication - No active profile set, falling back to 1 default profile: "default"
19:27:31.573+0900 [restartedMain] INFO  org.springframework.boot.devtools.env.DevToolsPropertyDefaultsPostProcessor - Devtools property defaults active! Set 'spring.devtools.add-properties' to 'false' to disable
19:27:31.573+0900 [restartedMain] INFO  org.springframework.boot.devtools.env.DevToolsPropertyDefaultsPostProcessor - For additional web related logging consider setting the 'logging.level.web' property to 'DEBUG'
19:27:31.806+0900 [restartedMain] INFO  org.springframework.data.repository.config.RepositoryConfigurationDelegate - Bootstrapping Spring Data JDBC repositories in DEFAULT mode.
19:27:31.812+0900 [restartedMain] INFO  org.springframework.data.repository.config.RepositoryConfigurationDelegate - Finished Spring Data repository scanning in 3 ms. Found 0 JDBC repository interfaces.
19:27:32.036+0900 [restartedMain] INFO  org.springframework.boot.web.embedded.tomcat.TomcatWebServer - Tomcat initialized with port(s): 9282 (http)
19:27:32.152+0900 [restartedMain] INFO  org.springframework.boot.web.servlet.context.ServletWebServerApplicationContext - Root WebApplicationContext: initialization completed in 578 ms
19:27:32.396+0900 [restartedMain] INFO  org.springframework.boot.autoconfigure.web.servlet.WelcomePageHandlerMapping - Adding welcome page template: index
19:27:32.456+0900 [restartedMain] INFO  com.zaxxer.hikari.HikariDataSource - HikariPool-1 - Starting...
19:27:32.637+0900 [restartedMain] INFO  com.zaxxer.hikari.HikariDataSource - HikariPool-1 - Start completed.
19:27:32.701+0900 [restartedMain] INFO  org.springframework.boot.devtools.autoconfigure.OptionalLiveReloadServer - LiveReload server is running on port 35729
19:27:32.719+0900 [restartedMain] INFO  org.springframework.boot.web.embedded.tomcat.TomcatWebServer - Tomcat started on port(s): 9282 (http) with context path ''
19:27:32.724+0900 [restartedMain] INFO  com.project1.TravelMakerApplication - Started TravelMakerApplication in 1.312 seconds (JVM running for 1.804)
19:28:18.081+0900 [http-nio-9282-exec-1] INFO  org.springframework.web.servlet.DispatcherServlet - Initializing Servlet 'dispatcherServlet'
19:28:18.085+0900 [http-nio-9282-exec-1] INFO  org.springframework.web.servlet.DispatcherServlet - Completed initialization in 3 ms
19:28:18.553+0900 [http-nio-9282-exec-7] INFO  com.project1.member.MemberController - goSignUp
19:28:18.553+0900 [http-nio-9282-exec-7] INFO  com.project1.member.MemberController - goSignUp
19:28:22.036+0900 [http-nio-9282-exec-2] INFO  com.project1.member.MemberController - goSignUp
19:28:22.036+0900 [http-nio-9282-exec-2] INFO  com.project1.member.MemberController - goSignUp
19:28:23.387+0900 [http-nio-9282-exec-5] INFO  com.project1.member.MemberController - goSignUp
19:28:23.387+0900 [http-nio-9282-exec-5] INFO  com.project1.member.MemberController - goSignUp
19:28:31.075+0900 [http-nio-9282-exec-10] INFO  com.project1.member.MemberController - callCallBack
19:28:31.075+0900 [http-nio-9282-exec-10] INFO  com.project1.member.MemberController - callCallBack
19:28:31.153+0900 [http-nio-9282-exec-1] INFO  com.project1.member.MemberController - goSignUp
19:28:31.153+0900 [http-nio-9282-exec-1] INFO  com.project1.member.MemberController - goSignUp
19:28:31.358+0900 [http-nio-9282-exec-3] INFO  com.project1.member.MemberController - naverCheck
19:28:31.358+0900 [http-nio-9282-exec-3] INFO  com.project1.member.MemberController - naverCheck
19:28:31.382+0900 [http-nio-9282-exec-3] INFO  com.project1.member.MemberService - serviceNaverCheck
19:28:31.382+0900 [http-nio-9282-exec-3] INFO  com.project1.member.MemberService - serviceNaverCheck
19:28:31.442+0900 [http-nio-9282-exec-3] INFO  com.project1.member.MemberController - registered
19:28:31.442+0900 [http-nio-9282-exec-3] INFO  com.project1.member.MemberController - registered
19:28:31.574+0900 [http-nio-9282-exec-7] INFO  com.project1.member.MemberController - goSignUp
19:28:31.574+0900 [http-nio-9282-exec-7] INFO  com.project1.member.MemberController - goSignUp
19:28:34.153+0900 [http-nio-9282-exec-1] INFO  com.project1.member.MemberController - goSignUp
19:28:34.153+0900 [http-nio-9282-exec-1] INFO  com.project1.member.MemberController - goSignUp
19:28:52.621+0900 [http-nio-9282-exec-7] INFO  com.project1.member.MemberController - goSignUp
19:28:52.621+0900 [http-nio-9282-exec-7] INFO  com.project1.member.MemberController - goSignUp
19:30:07.310+0900 [http-nio-9282-exec-3] INFO  com.project1.order.OrderController - regionSelect
19:30:07.387+0900 [http-nio-9282-exec-5] INFO  com.project1.order.OrderController - regionSelect
19:30:07.387+0900 [http-nio-9282-exec-5] INFO  com.project1.order.OrderController - way_2005@naver.com
19:30:07.387+0900 [http-nio-9282-exec-5] INFO  com.project1.order.OrderController - 1
19:30:07.387+0900 [http-nio-9282-exec-5] INFO  com.project1.order.OrderController - 2023-01-25
19:30:07.387+0900 [http-nio-9282-exec-5] INFO  com.project1.order.OrderController - 2023-01-26
19:30:07.387+0900 [http-nio-9282-exec-5] INFO  com.project1.order.OrderController - am
19:30:07.387+0900 [http-nio-9282-exec-5] INFO  com.project1.order.OrderController - am
19:30:08.324+0900 [http-nio-9282-exec-2] INFO  com.project1.order.OrderController - purchaseCheck
19:30:08.341+0900 [http-nio-9282-exec-2] INFO  com.project1.order.OrderController - way_2005@naver.com
19:30:08.341+0900 [http-nio-9282-exec-2] INFO  com.project1.order.OrderController - 1
19:30:30.256+0900 [http-nio-9282-exec-6] INFO  com.project1.order.OrderController - purchasedTicketA
19:30:30.259+0900 [http-nio-9282-exec-6] INFO  com.project1.order.OrderService - servicePurchaseTicket
19:30:30.260+0900 [http-nio-9282-exec-6] INFO  com.project1.order.OrderService - way_2005@naver.com
19:30:30.260+0900 [http-nio-9282-exec-6] INFO  com.project1.order.OrderService - 1
19:30:30.260+0900 [http-nio-9282-exec-6] INFO  com.project1.order.OrderService - people : 1
19:30:30.262+0900 [http-nio-9282-exec-6] INFO  com.project1.order.OrderService - region : 7
19:30:30.301+0900 [http-nio-9282-exec-6] INFO  com.project1.order.OrderService - jkjkjk제천
19:30:30.338+0900 [http-nio-9282-exec-6] INFO  com.project1.order.OrderService - selectedRegion : 제천
19:30:30.383+0900 [http-nio-9282-exec-6] INFO  com.project1.order.OrderController - 5901250A0105901260A011way_2005@naver.com
19:30:30.383+0900 [http-nio-9282-exec-6] INFO  com.project1.order.OrderController - way_2005@naver.com
19:30:31.368+0900 [http-nio-9282-exec-1] INFO  com.project1.order.OrderController - purchasedTicketB
19:30:31.368+0900 [http-nio-9282-exec-1] INFO  com.project1.order.OrderController - 5901250A0105901260A011way_2005@naver.com
19:30:38.548+0900 [http-nio-9282-exec-6] INFO  com.project1.plan.PlanService - serviceFindMapX
19:30:38.553+0900 [http-nio-9282-exec-6] INFO  com.project1.plan.PlanService - mapX : 128.205667
19:30:38.554+0900 [http-nio-9282-exec-6] INFO  com.project1.plan.PlanService - serviceFindMapY
19:30:38.556+0900 [http-nio-9282-exec-6] INFO  com.project1.plan.PlanService - mapY : 37.1281471
19:30:52.215+0900 [http-nio-9282-exec-1] INFO  com.project1.plan.PlanService - serviceFindMapX
19:30:52.218+0900 [http-nio-9282-exec-1] INFO  com.project1.plan.PlanService - mapX : 128.205667
19:30:52.220+0900 [http-nio-9282-exec-1] INFO  com.project1.plan.PlanService - serviceFindMapY
19:30:52.222+0900 [http-nio-9282-exec-1] INFO  com.project1.plan.PlanService - mapY : 37.1281471
19:31:00.029+0900 [http-nio-9282-exec-7] INFO  com.project1.plan.PlanService - serviceFindMapX
19:31:00.033+0900 [http-nio-9282-exec-7] INFO  com.project1.plan.PlanService - mapX : 128.205667
19:31:00.035+0900 [http-nio-9282-exec-7] INFO  com.project1.plan.PlanService - serviceFindMapY
19:31:00.037+0900 [http-nio-9282-exec-7] INFO  com.project1.plan.PlanService - mapY : 37.1281471
19:31:09.993+0900 [http-nio-9282-exec-8] INFO  com.project1.plan.PlanService - serviceFindMapX
19:31:09.997+0900 [http-nio-9282-exec-8] INFO  com.project1.plan.PlanService - mapX : 128.205667
19:31:09.999+0900 [http-nio-9282-exec-8] INFO  com.project1.plan.PlanService - serviceFindMapY
19:31:10.001+0900 [http-nio-9282-exec-8] INFO  com.project1.plan.PlanService - mapY : 37.1281471
19:31:10.815+0900 [http-nio-9282-exec-2] INFO  com.project1.plan.PlanService - serviceFindMapX
19:31:10.819+0900 [http-nio-9282-exec-2] INFO  com.project1.plan.PlanService - mapX : 128.205667
19:31:10.822+0900 [http-nio-9282-exec-2] INFO  com.project1.plan.PlanService - serviceFindMapY
19:31:10.824+0900 [http-nio-9282-exec-2] INFO  com.project1.plan.PlanService - mapY : 37.1281471
19:31:47.423+0900 [http-nio-9282-exec-3] INFO  com.project1.plan.PlanService - serviceFindMapX
19:31:47.426+0900 [http-nio-9282-exec-3] INFO  com.project1.plan.PlanService - mapX : 128.205667
19:31:47.428+0900 [http-nio-9282-exec-3] INFO  com.project1.plan.PlanService - serviceFindMapY
19:31:47.429+0900 [http-nio-9282-exec-3] INFO  com.project1.plan.PlanService - mapY : 37.1281471
19:33:27.290+0900 [http-nio-9282-exec-11] INFO  com.project1.member.MemberController - goSignUp
19:33:27.290+0900 [http-nio-9282-exec-11] INFO  com.project1.member.MemberController - goSignUp
19:49:20.253+0900 [HikariPool-1 housekeeper] WARN  com.zaxxer.hikari.pool.HikariPool - HikariPool-1 - Thread starvation or clock leap detected (housekeeper delta=16m17s472ms).
20:26:19.914+0900 [HikariPool-1 housekeeper] WARN  com.zaxxer.hikari.pool.HikariPool - HikariPool-1 - Thread starvation or clock leap detected (housekeeper delta=36m59s660ms).
20:26:24.522+0900 [http-nio-9282-exec-9] INFO  com.project1.order.OrderController - regionSelect
20:26:27.631+0900 [http-nio-9282-exec-12] INFO  com.project1.order.OrderController - regionSelect
20:58:19.979+0900 [HikariPool-1 housekeeper] WARN  com.zaxxer.hikari.pool.HikariPool - HikariPool-1 - Thread starvation or clock leap detected (housekeeper delta=32m66ms).
21:25:22.191+0900 [HikariPool-1 housekeeper] WARN  com.zaxxer.hikari.pool.HikariPool - HikariPool-1 - Thread starvation or clock leap detected (housekeeper delta=27m2s212ms).
22:17:30.152+0900 [HikariPool-1 housekeeper] WARN  com.zaxxer.hikari.pool.HikariPool - HikariPool-1 - Thread starvation or clock leap detected (housekeeper delta=52m7s961ms).
23:23:40.522+0900 [HikariPool-1 housekeeper] WARN  com.zaxxer.hikari.pool.HikariPool - HikariPool-1 - Thread starvation or clock leap detected (housekeeper delta=1h6m10s370ms).
