00:26:00.234+0900 [http-nio-9282-exec-3] INFO  com.project1.member.MemberController - goSignUp
00:26:00.234+0900 [http-nio-9282-exec-3] INFO  com.project1.member.MemberController - goSignUp
00:26:03.226+0900 [http-nio-9282-exec-6] INFO  com.project1.member.MemberController - goSignUp
00:26:03.226+0900 [http-nio-9282-exec-6] INFO  com.project1.member.MemberController - goSignUp
00:26:04.550+0900 [http-nio-9282-exec-8] INFO  com.project1.member.MemberController - callCallBack
00:26:04.550+0900 [http-nio-9282-exec-8] INFO  com.project1.member.MemberController - callCallBack
00:26:04.660+0900 [http-nio-9282-exec-1] INFO  com.project1.member.MemberController - goSignUp
00:26:04.660+0900 [http-nio-9282-exec-1] INFO  com.project1.member.MemberController - goSignUp
00:26:04.727+0900 [http-nio-9282-exec-5] INFO  com.project1.member.MemberController - naverCheck
00:26:04.727+0900 [http-nio-9282-exec-5] INFO  com.project1.member.MemberController - naverCheck
00:26:04.730+0900 [http-nio-9282-exec-5] INFO  com.project1.member.MemberService - serviceNaverCheck
00:26:04.730+0900 [http-nio-9282-exec-5] INFO  com.project1.member.MemberService - serviceNaverCheck
00:26:04.930+0900 [http-nio-9282-exec-9] INFO  com.project1.member.MemberController - goSignUp
00:26:04.930+0900 [http-nio-9282-exec-9] INFO  com.project1.member.MemberController - goSignUp
00:26:07.916+0900 [http-nio-9282-exec-1] INFO  com.project1.member.MemberController - goSignUp
00:26:07.916+0900 [http-nio-9282-exec-1] INFO  com.project1.member.MemberController - goSignUp
00:26:24.728+0900 [http-nio-9282-exec-6] INFO  com.project1.member.MemberController - goSignUp
00:26:24.728+0900 [http-nio-9282-exec-6] INFO  com.project1.member.MemberController - goSignUp
00:27:03.204+0900 [http-nio-9282-exec-2] INFO  com.project1.member.MemberController - goSignUp
00:27:03.204+0900 [http-nio-9282-exec-2] INFO  com.project1.member.MemberController - goSignUp
00:27:03.889+0900 [http-nio-9282-exec-7] INFO  com.project1.member.MemberController - goSignUp
00:27:03.889+0900 [http-nio-9282-exec-7] INFO  com.project1.member.MemberController - goSignUp
00:27:04.073+0900 [http-nio-9282-exec-1] INFO  com.project1.member.MemberController - goSignUp
00:27:04.073+0900 [http-nio-9282-exec-1] INFO  com.project1.member.MemberController - goSignUp
00:27:04.233+0900 [http-nio-9282-exec-6] INFO  com.project1.member.MemberController - goSignUp
00:27:04.233+0900 [http-nio-9282-exec-6] INFO  com.project1.member.MemberController - goSignUp
00:27:05.920+0900 [http-nio-9282-exec-3] INFO  com.project1.member.MemberController - goSignUp
00:27:05.920+0900 [http-nio-9282-exec-3] INFO  com.project1.member.MemberController - goSignUp
01:34:12.320+0900 [HikariPool-3 housekeeper] WARN  com.zaxxer.hikari.pool.HikariPool - HikariPool-3 - Thread starvation or clock leap detected (housekeeper delta=57m54s164ms400µs700ns).
09:36:57.416+0900 [HikariPool-3 housekeeper] WARN  com.zaxxer.hikari.pool.HikariPool - HikariPool-3 - Thread starvation or clock leap detected (housekeeper delta=7h53m14s951ms645µs200ns).
09:41:06.673+0900 [http-nio-9282-exec-3] INFO  com.project1.member.MemberController - goSignUp
09:41:06.673+0900 [http-nio-9282-exec-3] INFO  com.project1.member.MemberController - goSignUp
09:41:10.327+0900 [http-nio-9282-exec-4] INFO  com.project1.member.MemberController - callCallBack
09:41:10.327+0900 [http-nio-9282-exec-4] INFO  com.project1.member.MemberController - callCallBack
09:41:10.760+0900 [http-nio-9282-exec-9] INFO  com.project1.member.MemberController - goSignUp
09:41:10.760+0900 [http-nio-9282-exec-9] INFO  com.project1.member.MemberController - goSignUp
09:41:10.914+0900 [http-nio-9282-exec-7] INFO  com.project1.member.MemberController - naverCheck
09:41:10.914+0900 [http-nio-9282-exec-7] INFO  com.project1.member.MemberController - naverCheck
09:41:10.916+0900 [http-nio-9282-exec-7] INFO  com.project1.member.MemberService - serviceNaverCheck
09:41:10.916+0900 [http-nio-9282-exec-7] INFO  com.project1.member.MemberService - serviceNaverCheck
09:41:11.645+0900 [http-nio-9282-exec-4] INFO  com.project1.member.MemberController - goSignUp
09:41:11.645+0900 [http-nio-9282-exec-4] INFO  com.project1.member.MemberController - goSignUp
09:41:12.804+0900 [http-nio-9282-exec-9] INFO  com.project1.member.MemberController - goSignUp
09:41:12.804+0900 [http-nio-9282-exec-9] INFO  com.project1.member.MemberController - goSignUp
09:41:41.621+0900 [http-nio-9282-exec-5] INFO  com.project1.member.MemberController - goSignUp
09:41:41.621+0900 [http-nio-9282-exec-5] INFO  com.project1.member.MemberController - goSignUp
09:42:14.008+0900 [http-nio-9282-exec-5] INFO  com.project1.member.MemberController - goSignUp
09:42:14.008+0900 [http-nio-9282-exec-5] INFO  com.project1.member.MemberController - goSignUp
09:42:25.967+0900 [http-nio-9282-exec-1] INFO  com.project1.member.MemberController - goSignUp
09:42:25.967+0900 [http-nio-9282-exec-1] INFO  com.project1.member.MemberController - goSignUp
09:43:34.633+0900 [http-nio-9282-exec-7] INFO  com.project1.member.MemberController - goSignUp
09:43:34.633+0900 [http-nio-9282-exec-7] INFO  com.project1.member.MemberController - goSignUp
09:44:50.905+0900 [http-nio-9282-exec-5] INFO  com.project1.member.MemberController - goSignUp
09:44:50.905+0900 [http-nio-9282-exec-5] INFO  com.project1.member.MemberController - goSignUp
09:48:20.494+0900 [http-nio-9282-exec-4] INFO  com.project1.order.OrderController - regionSelect
09:48:20.506+0900 [http-nio-9282-exec-10] INFO  com.project1.order.OrderController - regionSelect
09:48:20.507+0900 [http-nio-9282-exec-10] INFO  com.project1.order.OrderController - happilyah@naver.com
09:48:20.507+0900 [http-nio-9282-exec-10] INFO  com.project1.order.OrderController - 1
09:48:20.507+0900 [http-nio-9282-exec-10] INFO  com.project1.order.OrderController - 2023-01-20
09:48:20.507+0900 [http-nio-9282-exec-10] INFO  com.project1.order.OrderController - 2023-01-21
09:48:20.507+0900 [http-nio-9282-exec-10] INFO  com.project1.order.OrderController - am
09:48:20.507+0900 [http-nio-9282-exec-10] INFO  com.project1.order.OrderController - pm
09:48:21.268+0900 [http-nio-9282-exec-1] INFO  com.project1.order.OrderController - purchaseCheck
09:48:21.271+0900 [http-nio-9282-exec-1] INFO  com.project1.order.OrderController - happilyah@naver.com
09:48:21.271+0900 [http-nio-9282-exec-1] INFO  com.project1.order.OrderController - 1
09:48:27.311+0900 [http-nio-9282-exec-4] INFO  com.project1.member.MemberController - goSignUp
09:48:27.311+0900 [http-nio-9282-exec-4] INFO  com.project1.member.MemberController - goSignUp
09:49:19.008+0900 [http-nio-9282-exec-10] INFO  com.project1.order.OrderController - regionSelect
09:49:19.023+0900 [http-nio-9282-exec-6] INFO  com.project1.order.OrderController - regionSelect
09:49:19.023+0900 [http-nio-9282-exec-6] INFO  com.project1.order.OrderController - happilyah@naver.com
09:49:19.023+0900 [http-nio-9282-exec-6] INFO  com.project1.order.OrderController - 1
09:49:19.023+0900 [http-nio-9282-exec-6] INFO  com.project1.order.OrderController - 2023-01-20
09:49:19.023+0900 [http-nio-9282-exec-6] INFO  com.project1.order.OrderController - 2023-01-21
09:49:19.023+0900 [http-nio-9282-exec-6] INFO  com.project1.order.OrderController - am
09:49:19.023+0900 [http-nio-9282-exec-6] INFO  com.project1.order.OrderController - pm
09:49:19.830+0900 [http-nio-9282-exec-4] INFO  com.project1.order.OrderController - purchaseCheck
09:49:19.833+0900 [http-nio-9282-exec-4] INFO  com.project1.order.OrderController - happilyah@naver.com
09:49:19.833+0900 [http-nio-9282-exec-4] INFO  com.project1.order.OrderController - 1
10:05:40.604+0900 [http-nio-9282-exec-4] INFO  com.project1.member.MemberController - goSignUp
10:05:40.604+0900 [http-nio-9282-exec-4] INFO  com.project1.member.MemberController - goSignUp
10:05:50.351+0900 [http-nio-9282-exec-8] INFO  com.project1.member.MemberController - goSignUp
10:05:50.351+0900 [http-nio-9282-exec-8] INFO  com.project1.member.MemberController - goSignUp
10:07:02.758+0900 [RMI TCP Connection(476)-127.0.0.1] INFO  org.springframework.boot.admin.SpringApplicationAdminMXBeanRegistrar$SpringApplicationAdmin - Application shutdown requested.
10:07:03.127+0900 [RMI TCP Connection(476)-127.0.0.1] INFO  com.zaxxer.hikari.HikariDataSource - HikariPool-3 - Shutdown initiated...
10:07:03.134+0900 [RMI TCP Connection(476)-127.0.0.1] INFO  com.zaxxer.hikari.HikariDataSource - HikariPool-3 - Shutdown completed.
10:07:05.958+0900 [restartedMain] INFO  com.project1.TravelMakerApplication - Starting TravelMakerApplication using Java 11.0.16 on DESKTOP-M6PH0H2 with PID 25336 (C:\Users\junah\eclipse-workspace\TravelMaker\TravelMaker\target\classes started by junah in C:\Users\junah\eclipse-workspace\TravelMaker\TravelMaker)
10:07:05.964+0900 [restartedMain] INFO  com.project1.TravelMakerApplication - No active profile set, falling back to 1 default profile: "default"
10:07:05.999+0900 [restartedMain] INFO  org.springframework.boot.devtools.env.DevToolsPropertyDefaultsPostProcessor - Devtools property defaults active! Set 'spring.devtools.add-properties' to 'false' to disable
10:07:05.999+0900 [restartedMain] INFO  org.springframework.boot.devtools.env.DevToolsPropertyDefaultsPostProcessor - For additional web related logging consider setting the 'logging.level.web' property to 'DEBUG'
10:07:06.551+0900 [restartedMain] INFO  org.springframework.data.repository.config.RepositoryConfigurationDelegate - Bootstrapping Spring Data JDBC repositories in DEFAULT mode.
10:07:06.565+0900 [restartedMain] INFO  org.springframework.data.repository.config.RepositoryConfigurationDelegate - Finished Spring Data repository scanning in 11 ms. Found 0 JDBC repository interfaces.
10:07:07.037+0900 [restartedMain] INFO  org.springframework.boot.web.embedded.tomcat.TomcatWebServer - Tomcat initialized with port(s): 9282 (http)
10:07:07.314+0900 [restartedMain] INFO  org.springframework.boot.web.servlet.context.ServletWebServerApplicationContext - Root WebApplicationContext: initialization completed in 1314 ms
10:07:07.810+0900 [restartedMain] INFO  org.springframework.boot.autoconfigure.web.servlet.WelcomePageHandlerMapping - Adding welcome page template: index
10:07:07.916+0900 [restartedMain] INFO  com.zaxxer.hikari.HikariDataSource - HikariPool-1 - Starting...
10:07:08.193+0900 [restartedMain] INFO  com.zaxxer.hikari.HikariDataSource - HikariPool-1 - Start completed.
10:07:08.351+0900 [restartedMain] INFO  org.springframework.boot.devtools.autoconfigure.OptionalLiveReloadServer - LiveReload server is running on port 35729
10:07:08.393+0900 [restartedMain] INFO  org.springframework.boot.web.embedded.tomcat.TomcatWebServer - Tomcat started on port(s): 9282 (http) with context path ''
10:07:08.402+0900 [restartedMain] INFO  com.project1.TravelMakerApplication - Started TravelMakerApplication in 2.716 seconds (JVM running for 4.118)
14:33:20.068+0900 [http-nio-9282-exec-1] INFO  org.springframework.web.servlet.DispatcherServlet - Initializing Servlet 'dispatcherServlet'
14:33:20.092+0900 [http-nio-9282-exec-1] INFO  org.springframework.web.servlet.DispatcherServlet - Completed initialization in 20 ms
14:33:22.278+0900 [http-nio-9282-exec-8] INFO  com.project1.member.MemberController - goSignUp
14:33:22.278+0900 [http-nio-9282-exec-8] INFO  com.project1.member.MemberController - goSignUp
14:33:25.414+0900 [http-nio-9282-exec-10] INFO  com.project1.member.MemberController - goSignUp
14:33:25.414+0900 [http-nio-9282-exec-10] INFO  com.project1.member.MemberController - goSignUp
14:33:26.937+0900 [http-nio-9282-exec-5] INFO  com.project1.member.MemberController - callCallBack
14:33:26.937+0900 [http-nio-9282-exec-5] INFO  com.project1.member.MemberController - callCallBack
14:33:27.535+0900 [http-nio-9282-exec-6] INFO  com.project1.member.MemberController - goSignUp
14:33:27.535+0900 [http-nio-9282-exec-6] INFO  com.project1.member.MemberController - goSignUp
14:33:27.636+0900 [http-nio-9282-exec-7] INFO  com.project1.member.MemberController - naverCheck
14:33:27.636+0900 [http-nio-9282-exec-7] INFO  com.project1.member.MemberController - naverCheck
14:33:27.660+0900 [http-nio-9282-exec-7] INFO  com.project1.member.MemberService - serviceNaverCheck
14:33:27.660+0900 [http-nio-9282-exec-7] INFO  com.project1.member.MemberService - serviceNaverCheck
14:33:28.282+0900 [http-nio-9282-exec-5] INFO  com.project1.member.MemberController - goSignUp
14:33:28.282+0900 [http-nio-9282-exec-5] INFO  com.project1.member.MemberController - goSignUp
14:33:29.647+0900 [http-nio-9282-exec-6] INFO  com.project1.member.MemberController - goSignUp
14:33:29.647+0900 [http-nio-9282-exec-6] INFO  com.project1.member.MemberController - goSignUp
14:41:48.641+0900 [http-nio-9282-exec-2] INFO  com.project1.member.MemberController - goSignUp
14:41:48.641+0900 [http-nio-9282-exec-2] INFO  com.project1.member.MemberController - goSignUp
14:41:54.794+0900 [http-nio-9282-exec-5] INFO  com.project1.member.MemberController - goSignUp
14:41:54.794+0900 [http-nio-9282-exec-5] INFO  com.project1.member.MemberController - goSignUp
15:15:07.990+0900 [http-nio-9282-exec-6] INFO  com.project1.member.MemberController - goSignUp
15:15:07.990+0900 [http-nio-9282-exec-6] INFO  com.project1.member.MemberController - goSignUp
15:15:19.770+0900 [http-nio-9282-exec-5] INFO  com.project1.member.MemberController - callCallBack
15:15:19.770+0900 [http-nio-9282-exec-5] INFO  com.project1.member.MemberController - callCallBack
15:15:20.226+0900 [http-nio-9282-exec-3] INFO  com.project1.member.MemberController - goSignUp
15:15:20.226+0900 [http-nio-9282-exec-3] INFO  com.project1.member.MemberController - goSignUp
15:15:20.307+0900 [http-nio-9282-exec-4] INFO  com.project1.member.MemberController - naverCheck
15:15:20.307+0900 [http-nio-9282-exec-4] INFO  com.project1.member.MemberController - naverCheck
15:15:20.308+0900 [http-nio-9282-exec-4] INFO  com.project1.member.MemberService - serviceNaverCheck
15:15:20.308+0900 [http-nio-9282-exec-4] INFO  com.project1.member.MemberService - serviceNaverCheck
15:15:20.725+0900 [http-nio-9282-exec-5] INFO  com.project1.member.MemberController - goSignUp
15:15:20.725+0900 [http-nio-9282-exec-5] INFO  com.project1.member.MemberController - goSignUp
15:17:35.005+0900 [http-nio-9282-exec-7] INFO  com.project1.order.OrderController - regionSelect
15:17:35.109+0900 [http-nio-9282-exec-6] INFO  com.project1.order.OrderController - regionSelect
15:17:35.109+0900 [http-nio-9282-exec-6] INFO  com.project1.order.OrderController - happilyah@naver.com
15:17:35.109+0900 [http-nio-9282-exec-6] INFO  com.project1.order.OrderController - 1
15:17:35.109+0900 [http-nio-9282-exec-6] INFO  com.project1.order.OrderController - 2023-01-20
15:17:35.109+0900 [http-nio-9282-exec-6] INFO  com.project1.order.OrderController - 2023-01-21
15:17:35.109+0900 [http-nio-9282-exec-6] INFO  com.project1.order.OrderController - am
15:17:35.109+0900 [http-nio-9282-exec-6] INFO  com.project1.order.OrderController - pm
15:17:36.491+0900 [http-nio-9282-exec-2] INFO  com.project1.order.OrderController - purchaseCheck
15:17:36.498+0900 [http-nio-9282-exec-2] INFO  com.project1.order.OrderController - happilyah@naver.com
15:17:36.498+0900 [http-nio-9282-exec-2] INFO  com.project1.order.OrderController - 1
15:22:38.161+0900 [http-nio-9282-exec-1] INFO  com.project1.member.MemberController - goSignUp
15:22:38.161+0900 [http-nio-9282-exec-1] INFO  com.project1.member.MemberController - goSignUp
15:25:55.020+0900 [http-nio-9282-exec-2] INFO  com.project1.member.MemberController - goSignUp
15:25:55.020+0900 [http-nio-9282-exec-2] INFO  com.project1.member.MemberController - goSignUp
15:48:35.524+0900 [http-nio-9282-exec-6] INFO  com.project1.member.MemberController - goSignUp
15:48:35.524+0900 [http-nio-9282-exec-6] INFO  com.project1.member.MemberController - goSignUp
15:48:42.095+0900 [http-nio-9282-exec-9] INFO  com.project1.order.OrderController - regionSelect
15:48:42.108+0900 [http-nio-9282-exec-5] INFO  com.project1.order.OrderController - regionSelect
15:48:42.108+0900 [http-nio-9282-exec-5] INFO  com.project1.order.OrderController - happilyah@naver.com
15:48:42.109+0900 [http-nio-9282-exec-5] INFO  com.project1.order.OrderController - 1
15:48:42.109+0900 [http-nio-9282-exec-5] INFO  com.project1.order.OrderController - 2023-01-20
15:48:42.109+0900 [http-nio-9282-exec-5] INFO  com.project1.order.OrderController - 2023-01-21
15:48:42.109+0900 [http-nio-9282-exec-5] INFO  com.project1.order.OrderController - am
15:48:42.109+0900 [http-nio-9282-exec-5] INFO  com.project1.order.OrderController - pm
15:48:45.842+0900 [http-nio-9282-exec-6] INFO  com.project1.order.OrderController - purchaseCheck
15:48:45.855+0900 [http-nio-9282-exec-6] INFO  com.project1.order.OrderController - happilyah@naver.com
15:48:45.855+0900 [http-nio-9282-exec-6] INFO  com.project1.order.OrderController - 1
15:58:15.768+0900 [http-nio-9282-exec-10] INFO  com.project1.member.MemberController - goSignUp
15:58:15.768+0900 [http-nio-9282-exec-10] INFO  com.project1.member.MemberController - goSignUp
15:58:17.848+0900 [http-nio-9282-exec-1] INFO  com.project1.member.MemberController - goSignUp
15:58:17.848+0900 [http-nio-9282-exec-1] INFO  com.project1.member.MemberController - goSignUp
15:58:20.087+0900 [http-nio-9282-exec-4] INFO  com.project1.member.MemberController - goSignUp
15:58:20.087+0900 [http-nio-9282-exec-4] INFO  com.project1.member.MemberController - goSignUp
15:58:28.403+0900 [http-nio-9282-exec-7] INFO  com.project1.order.OrderController - regionSelect
15:58:28.412+0900 [http-nio-9282-exec-6] INFO  com.project1.order.OrderController - regionSelect
15:58:28.412+0900 [http-nio-9282-exec-6] INFO  com.project1.order.OrderController - happilyah@naver.com
15:58:28.412+0900 [http-nio-9282-exec-6] INFO  com.project1.order.OrderController - 1
15:58:28.412+0900 [http-nio-9282-exec-6] INFO  com.project1.order.OrderController - 2023-01-20
15:58:28.412+0900 [http-nio-9282-exec-6] INFO  com.project1.order.OrderController - 2023-01-21
15:58:28.412+0900 [http-nio-9282-exec-6] INFO  com.project1.order.OrderController - am
15:58:28.412+0900 [http-nio-9282-exec-6] INFO  com.project1.order.OrderController - pm
15:58:30.124+0900 [http-nio-9282-exec-4] INFO  com.project1.order.OrderController - purchaseCheck
15:58:30.127+0900 [http-nio-9282-exec-4] INFO  com.project1.order.OrderController - happilyah@naver.com
15:58:30.127+0900 [http-nio-9282-exec-4] INFO  com.project1.order.OrderController - 1
16:01:12.689+0900 [http-nio-9282-exec-1] INFO  com.project1.member.MemberController - goSignUp
16:01:12.689+0900 [http-nio-9282-exec-1] INFO  com.project1.member.MemberController - goSignUp
16:01:22.023+0900 [http-nio-9282-exec-5] INFO  com.project1.order.OrderController - regionSelect
16:01:22.035+0900 [http-nio-9282-exec-7] INFO  com.project1.order.OrderController - regionSelect
16:01:22.035+0900 [http-nio-9282-exec-7] INFO  com.project1.order.OrderController - happilyah@naver.com
16:01:22.035+0900 [http-nio-9282-exec-7] INFO  com.project1.order.OrderController - 1
16:01:22.035+0900 [http-nio-9282-exec-7] INFO  com.project1.order.OrderController - 2023-01-20
16:01:22.035+0900 [http-nio-9282-exec-7] INFO  com.project1.order.OrderController - 2023-01-21
16:01:22.035+0900 [http-nio-9282-exec-7] INFO  com.project1.order.OrderController - am
16:01:22.035+0900 [http-nio-9282-exec-7] INFO  com.project1.order.OrderController - pm
16:01:23.102+0900 [http-nio-9282-exec-1] INFO  com.project1.order.OrderController - purchaseCheck
16:01:23.107+0900 [http-nio-9282-exec-1] INFO  com.project1.order.OrderController - happilyah@naver.com
16:01:23.107+0900 [http-nio-9282-exec-1] INFO  com.project1.order.OrderController - 1
16:02:19.170+0900 [http-nio-9282-exec-3] INFO  com.project1.member.MemberController - goSignUp
16:02:19.170+0900 [http-nio-9282-exec-3] INFO  com.project1.member.MemberController - goSignUp
16:02:41.894+0900 [http-nio-9282-exec-5] INFO  com.project1.member.MemberController - goSignUp
16:02:41.894+0900 [http-nio-9282-exec-5] INFO  com.project1.member.MemberController - goSignUp
16:02:48.599+0900 [http-nio-9282-exec-3] INFO  com.project1.order.OrderController - regionSelect
16:02:48.610+0900 [http-nio-9282-exec-9] INFO  com.project1.order.OrderController - regionSelect
16:02:48.610+0900 [http-nio-9282-exec-9] INFO  com.project1.order.OrderController - happilyah@naver.com
16:02:48.610+0900 [http-nio-9282-exec-9] INFO  com.project1.order.OrderController - 1
16:02:48.610+0900 [http-nio-9282-exec-9] INFO  com.project1.order.OrderController - 2023-01-20
16:02:48.610+0900 [http-nio-9282-exec-9] INFO  com.project1.order.OrderController - 2023-01-21
16:02:48.610+0900 [http-nio-9282-exec-9] INFO  com.project1.order.OrderController - am
16:02:48.610+0900 [http-nio-9282-exec-9] INFO  com.project1.order.OrderController - pm
16:02:49.511+0900 [http-nio-9282-exec-5] INFO  com.project1.order.OrderController - purchaseCheck
16:02:49.514+0900 [http-nio-9282-exec-5] INFO  com.project1.order.OrderController - happilyah@naver.com
16:02:49.515+0900 [http-nio-9282-exec-5] INFO  com.project1.order.OrderController - 1
16:06:29.974+0900 [http-nio-9282-exec-8] INFO  com.project1.member.MemberController - goSignUp
16:06:29.974+0900 [http-nio-9282-exec-8] INFO  com.project1.member.MemberController - goSignUp
16:06:36.008+0900 [http-nio-9282-exec-6] INFO  com.project1.order.OrderController - regionSelect
16:06:36.019+0900 [http-nio-9282-exec-3] INFO  com.project1.order.OrderController - regionSelect
16:06:36.019+0900 [http-nio-9282-exec-3] INFO  com.project1.order.OrderController - happilyah@naver.com
16:06:36.019+0900 [http-nio-9282-exec-3] INFO  com.project1.order.OrderController - 1
16:06:36.019+0900 [http-nio-9282-exec-3] INFO  com.project1.order.OrderController - 2023-01-20
16:06:36.019+0900 [http-nio-9282-exec-3] INFO  com.project1.order.OrderController - 2023-01-21
16:06:36.019+0900 [http-nio-9282-exec-3] INFO  com.project1.order.OrderController - am
16:06:36.019+0900 [http-nio-9282-exec-3] INFO  com.project1.order.OrderController - pm
16:06:37.070+0900 [http-nio-9282-exec-8] INFO  com.project1.order.OrderController - purchaseCheck
16:06:37.075+0900 [http-nio-9282-exec-8] INFO  com.project1.order.OrderController - happilyah@naver.com
16:06:37.075+0900 [http-nio-9282-exec-8] INFO  com.project1.order.OrderController - 1
16:09:20.947+0900 [http-nio-9282-exec-1] INFO  com.project1.member.MemberController - goSignUp
16:09:20.947+0900 [http-nio-9282-exec-1] INFO  com.project1.member.MemberController - goSignUp
16:09:24.230+0900 [http-nio-9282-exec-10] INFO  com.project1.member.MemberController - goSignUp
16:09:24.230+0900 [http-nio-9282-exec-10] INFO  com.project1.member.MemberController - goSignUp
16:09:31.705+0900 [http-nio-9282-exec-8] INFO  com.project1.order.OrderController - regionSelect
16:09:31.715+0900 [http-nio-9282-exec-9] INFO  com.project1.order.OrderController - regionSelect
16:09:31.715+0900 [http-nio-9282-exec-9] INFO  com.project1.order.OrderController - happilyah@naver.com
16:09:31.715+0900 [http-nio-9282-exec-9] INFO  com.project1.order.OrderController - 1
16:09:31.715+0900 [http-nio-9282-exec-9] INFO  com.project1.order.OrderController - 2023-01-20
16:09:31.715+0900 [http-nio-9282-exec-9] INFO  com.project1.order.OrderController - 2023-01-21
16:09:31.715+0900 [http-nio-9282-exec-9] INFO  com.project1.order.OrderController - am
16:09:31.715+0900 [http-nio-9282-exec-9] INFO  com.project1.order.OrderController - pm
16:09:33.261+0900 [http-nio-9282-exec-10] INFO  com.project1.order.OrderController - purchaseCheck
16:09:33.264+0900 [http-nio-9282-exec-10] INFO  com.project1.order.OrderController - happilyah@naver.com
16:09:33.265+0900 [http-nio-9282-exec-10] INFO  com.project1.order.OrderController - 1
16:09:58.090+0900 [http-nio-9282-exec-9] INFO  com.project1.member.MemberController - goSignUp
16:09:58.090+0900 [http-nio-9282-exec-9] INFO  com.project1.member.MemberController - goSignUp
16:10:01.287+0900 [http-nio-9282-exec-4] INFO  com.project1.member.MemberController - goSignUp
16:10:01.287+0900 [http-nio-9282-exec-4] INFO  com.project1.member.MemberController - goSignUp
16:10:10.657+0900 [http-nio-9282-exec-5] INFO  com.project1.order.OrderController - regionSelect
16:10:10.668+0900 [http-nio-9282-exec-2] INFO  com.project1.order.OrderController - regionSelect
16:10:10.669+0900 [http-nio-9282-exec-2] INFO  com.project1.order.OrderController - happilyah@naver.com
16:10:10.669+0900 [http-nio-9282-exec-2] INFO  com.project1.order.OrderController - 1
16:10:10.669+0900 [http-nio-9282-exec-2] INFO  com.project1.order.OrderController - 2023-01-20
16:10:10.669+0900 [http-nio-9282-exec-2] INFO  com.project1.order.OrderController - 2023-01-21
16:10:10.669+0900 [http-nio-9282-exec-2] INFO  com.project1.order.OrderController - am
16:10:10.669+0900 [http-nio-9282-exec-2] INFO  com.project1.order.OrderController - pm
16:10:28.250+0900 [http-nio-9282-exec-4] INFO  com.project1.order.OrderController - purchaseCheck
16:10:28.254+0900 [http-nio-9282-exec-4] INFO  com.project1.order.OrderController - happilyah@naver.com
16:10:28.254+0900 [http-nio-9282-exec-4] INFO  com.project1.order.OrderController - 1
16:10:53.599+0900 [http-nio-9282-exec-2] INFO  com.project1.member.MemberController - goSignUp
16:10:53.599+0900 [http-nio-9282-exec-2] INFO  com.project1.member.MemberController - goSignUp
16:22:42.165+0900 [http-nio-9282-exec-2] INFO  com.project1.order.OrderController - regionSelect
16:22:42.175+0900 [http-nio-9282-exec-6] INFO  com.project1.order.OrderController - regionSelect
16:22:42.175+0900 [http-nio-9282-exec-6] INFO  com.project1.order.OrderController - happilyah@naver.com
16:22:42.175+0900 [http-nio-9282-exec-6] INFO  com.project1.order.OrderController - 1
16:22:42.175+0900 [http-nio-9282-exec-6] INFO  com.project1.order.OrderController - 2023-01-20
16:22:42.175+0900 [http-nio-9282-exec-6] INFO  com.project1.order.OrderController - 2023-01-21
16:22:42.175+0900 [http-nio-9282-exec-6] INFO  com.project1.order.OrderController - am
16:22:42.176+0900 [http-nio-9282-exec-6] INFO  com.project1.order.OrderController - pm
16:22:45.158+0900 [http-nio-9282-exec-5] INFO  com.project1.order.OrderController - purchaseCheck
16:22:45.162+0900 [http-nio-9282-exec-5] INFO  com.project1.order.OrderController - happilyah@naver.com
16:22:45.162+0900 [http-nio-9282-exec-5] INFO  com.project1.order.OrderController - 1
16:24:19.119+0900 [http-nio-9282-exec-4] INFO  com.project1.member.MemberController - goSignUp
16:24:19.119+0900 [http-nio-9282-exec-4] INFO  com.project1.member.MemberController - goSignUp
16:24:27.173+0900 [http-nio-9282-exec-5] INFO  com.project1.order.OrderController - regionSelect
16:24:27.182+0900 [http-nio-9282-exec-1] INFO  com.project1.order.OrderController - regionSelect
16:24:27.182+0900 [http-nio-9282-exec-1] INFO  com.project1.order.OrderController - happilyah@naver.com
16:24:27.182+0900 [http-nio-9282-exec-1] INFO  com.project1.order.OrderController - 1
16:24:27.182+0900 [http-nio-9282-exec-1] INFO  com.project1.order.OrderController - 2023-01-20
16:24:27.182+0900 [http-nio-9282-exec-1] INFO  com.project1.order.OrderController - 2023-01-21
16:24:27.182+0900 [http-nio-9282-exec-1] INFO  com.project1.order.OrderController - am
16:24:27.182+0900 [http-nio-9282-exec-1] INFO  com.project1.order.OrderController - pm
16:24:28.230+0900 [http-nio-9282-exec-4] INFO  com.project1.order.OrderController - purchaseCheck
16:24:28.233+0900 [http-nio-9282-exec-4] INFO  com.project1.order.OrderController - happilyah@naver.com
16:24:28.233+0900 [http-nio-9282-exec-4] INFO  com.project1.order.OrderController - 1
16:25:31.647+0900 [http-nio-9282-exec-2] INFO  com.project1.member.MemberController - goSignUp
16:25:31.647+0900 [http-nio-9282-exec-2] INFO  com.project1.member.MemberController - goSignUp
16:28:23.270+0900 [http-nio-9282-exec-5] INFO  com.project1.order.OrderController - regionSelect
16:28:23.281+0900 [http-nio-9282-exec-3] INFO  com.project1.order.OrderController - regionSelect
16:28:23.281+0900 [http-nio-9282-exec-3] INFO  com.project1.order.OrderController - happilyah@naver.com
16:28:23.281+0900 [http-nio-9282-exec-3] INFO  com.project1.order.OrderController - 1
16:28:23.281+0900 [http-nio-9282-exec-3] INFO  com.project1.order.OrderController - 2023-01-20
16:28:23.281+0900 [http-nio-9282-exec-3] INFO  com.project1.order.OrderController - 2023-01-21
16:28:23.281+0900 [http-nio-9282-exec-3] INFO  com.project1.order.OrderController - am
16:28:23.281+0900 [http-nio-9282-exec-3] INFO  com.project1.order.OrderController - pm
16:28:24.592+0900 [http-nio-9282-exec-4] INFO  com.project1.order.OrderController - purchaseCheck
16:28:24.596+0900 [http-nio-9282-exec-4] INFO  com.project1.order.OrderController - happilyah@naver.com
16:28:24.596+0900 [http-nio-9282-exec-4] INFO  com.project1.order.OrderController - 1
16:31:41.412+0900 [http-nio-9282-exec-10] INFO  com.project1.member.MemberController - goSignUp
16:31:41.412+0900 [http-nio-9282-exec-10] INFO  com.project1.member.MemberController - goSignUp
16:31:42.495+0900 [http-nio-9282-exec-3] INFO  com.project1.member.MemberController - goSignUp
16:31:42.495+0900 [http-nio-9282-exec-3] INFO  com.project1.member.MemberController - goSignUp
16:31:44.152+0900 [http-nio-9282-exec-7] INFO  com.project1.member.MemberController - goSignUp
16:31:44.152+0900 [http-nio-9282-exec-7] INFO  com.project1.member.MemberController - goSignUp
16:31:46.769+0900 [http-nio-9282-exec-2] INFO  com.project1.member.MemberController - goSignUp
16:31:46.769+0900 [http-nio-9282-exec-2] INFO  com.project1.member.MemberController - goSignUp
16:31:56.133+0900 [http-nio-9282-exec-4] INFO  com.project1.order.OrderController - regionSelect
16:31:56.143+0900 [http-nio-9282-exec-6] INFO  com.project1.order.OrderController - regionSelect
16:31:56.144+0900 [http-nio-9282-exec-6] INFO  com.project1.order.OrderController - happilyah@naver.com
16:31:56.144+0900 [http-nio-9282-exec-6] INFO  com.project1.order.OrderController - 1
16:31:56.144+0900 [http-nio-9282-exec-6] INFO  com.project1.order.OrderController - 2023-01-20
16:31:56.144+0900 [http-nio-9282-exec-6] INFO  com.project1.order.OrderController - 2023-01-21
16:31:56.144+0900 [http-nio-9282-exec-6] INFO  com.project1.order.OrderController - am
16:31:56.144+0900 [http-nio-9282-exec-6] INFO  com.project1.order.OrderController - pm
16:31:57.383+0900 [http-nio-9282-exec-2] INFO  com.project1.order.OrderController - purchaseCheck
16:31:57.386+0900 [http-nio-9282-exec-2] INFO  com.project1.order.OrderController - happilyah@naver.com
16:31:57.387+0900 [http-nio-9282-exec-2] INFO  com.project1.order.OrderController - 1
16:34:58.081+0900 [http-nio-9282-exec-10] INFO  com.project1.member.MemberController - goSignUp
16:34:58.081+0900 [http-nio-9282-exec-10] INFO  com.project1.member.MemberController - goSignUp
16:35:08.510+0900 [http-nio-9282-exec-5] INFO  com.project1.order.OrderController - regionSelect
16:35:08.522+0900 [http-nio-9282-exec-8] INFO  com.project1.order.OrderController - regionSelect
16:35:08.522+0900 [http-nio-9282-exec-8] INFO  com.project1.order.OrderController - happilyah@naver.com
16:35:08.522+0900 [http-nio-9282-exec-8] INFO  com.project1.order.OrderController - 1
16:35:08.522+0900 [http-nio-9282-exec-8] INFO  com.project1.order.OrderController - 2023-01-20
16:35:08.522+0900 [http-nio-9282-exec-8] INFO  com.project1.order.OrderController - 2023-01-21
16:35:08.522+0900 [http-nio-9282-exec-8] INFO  com.project1.order.OrderController - am
16:35:08.522+0900 [http-nio-9282-exec-8] INFO  com.project1.order.OrderController - pm
16:35:10.039+0900 [http-nio-9282-exec-10] INFO  com.project1.order.OrderController - purchaseCheck
16:35:10.043+0900 [http-nio-9282-exec-10] INFO  com.project1.order.OrderController - happilyah@naver.com
16:35:10.043+0900 [http-nio-9282-exec-10] INFO  com.project1.order.OrderController - 1
16:35:33.058+0900 [http-nio-9282-exec-1] INFO  com.project1.member.MemberController - goSignUp
16:35:33.058+0900 [http-nio-9282-exec-1] INFO  com.project1.member.MemberController - goSignUp
16:35:35.795+0900 [http-nio-9282-exec-3] INFO  com.project1.member.MemberController - goSignUp
16:35:35.795+0900 [http-nio-9282-exec-3] INFO  com.project1.member.MemberController - goSignUp
16:35:44.881+0900 [http-nio-9282-exec-2] INFO  com.project1.order.OrderController - regionSelect
16:35:44.893+0900 [http-nio-9282-exec-10] INFO  com.project1.order.OrderController - regionSelect
16:35:44.893+0900 [http-nio-9282-exec-10] INFO  com.project1.order.OrderController - happilyah@naver.com
16:35:44.893+0900 [http-nio-9282-exec-10] INFO  com.project1.order.OrderController - 1
16:35:44.893+0900 [http-nio-9282-exec-10] INFO  com.project1.order.OrderController - 2023-01-20
16:35:44.894+0900 [http-nio-9282-exec-10] INFO  com.project1.order.OrderController - 2023-01-21
16:35:44.894+0900 [http-nio-9282-exec-10] INFO  com.project1.order.OrderController - am
16:35:44.894+0900 [http-nio-9282-exec-10] INFO  com.project1.order.OrderController - pm
16:35:46.271+0900 [http-nio-9282-exec-3] INFO  com.project1.order.OrderController - purchaseCheck
16:35:46.274+0900 [http-nio-9282-exec-3] INFO  com.project1.order.OrderController - happilyah@naver.com
16:35:46.274+0900 [http-nio-9282-exec-3] INFO  com.project1.order.OrderController - 1
16:35:53.517+0900 [http-nio-9282-exec-8] INFO  com.project1.member.MemberController - goSignUp
16:35:53.517+0900 [http-nio-9282-exec-8] INFO  com.project1.member.MemberController - goSignUp
16:36:02.531+0900 [http-nio-9282-exec-6] INFO  com.project1.order.OrderController - regionSelect
16:36:02.548+0900 [http-nio-9282-exec-7] INFO  com.project1.order.OrderController - regionSelect
16:36:02.548+0900 [http-nio-9282-exec-7] INFO  com.project1.order.OrderController - happilyah@naver.com
16:36:02.548+0900 [http-nio-9282-exec-7] INFO  com.project1.order.OrderController - 2
16:36:02.548+0900 [http-nio-9282-exec-7] INFO  com.project1.order.OrderController - 2023-01-21
16:36:02.548+0900 [http-nio-9282-exec-7] INFO  com.project1.order.OrderController - 2023-01-22
16:36:02.548+0900 [http-nio-9282-exec-7] INFO  com.project1.order.OrderController - am
16:36:02.548+0900 [http-nio-9282-exec-7] INFO  com.project1.order.OrderController - pm
16:36:04.625+0900 [http-nio-9282-exec-8] INFO  com.project1.order.OrderController - purchaseCheck
16:36:04.628+0900 [http-nio-9282-exec-8] INFO  com.project1.order.OrderController - happilyah@naver.com
16:36:04.628+0900 [http-nio-9282-exec-8] INFO  com.project1.order.OrderController - 2
16:36:12.509+0900 [http-nio-9282-exec-3] INFO  com.project1.member.MemberController - goSignUp
16:36:12.509+0900 [http-nio-9282-exec-3] INFO  com.project1.member.MemberController - goSignUp
16:36:20.250+0900 [http-nio-9282-exec-10] INFO  com.project1.order.OrderController - regionSelect
16:36:20.261+0900 [http-nio-9282-exec-4] INFO  com.project1.order.OrderController - regionSelect
16:36:20.261+0900 [http-nio-9282-exec-4] INFO  com.project1.order.OrderController - happilyah@naver.com
16:36:20.261+0900 [http-nio-9282-exec-4] INFO  com.project1.order.OrderController - 1
16:36:20.261+0900 [http-nio-9282-exec-4] INFO  com.project1.order.OrderController - 2023-01-20
16:36:20.261+0900 [http-nio-9282-exec-4] INFO  com.project1.order.OrderController - 2023-01-21
16:36:20.261+0900 [http-nio-9282-exec-4] INFO  com.project1.order.OrderController - am
16:36:20.261+0900 [http-nio-9282-exec-4] INFO  com.project1.order.OrderController - pm
16:36:21.129+0900 [http-nio-9282-exec-3] INFO  com.project1.order.OrderController - purchaseCheck
16:36:21.132+0900 [http-nio-9282-exec-3] INFO  com.project1.order.OrderController - happilyah@naver.com
16:36:21.132+0900 [http-nio-9282-exec-3] INFO  com.project1.order.OrderController - 1
16:55:37.705+0900 [http-nio-9282-exec-1] INFO  com.project1.member.MemberController - goSignUp
16:55:37.705+0900 [http-nio-9282-exec-1] INFO  com.project1.member.MemberController - goSignUp
16:55:57.849+0900 [http-nio-9282-exec-8] INFO  com.project1.member.MemberController - goSignUp
16:55:57.849+0900 [http-nio-9282-exec-8] INFO  com.project1.member.MemberController - goSignUp
16:56:14.019+0900 [http-nio-9282-exec-1] INFO  com.project1.member.MemberController - goSignUp
16:56:14.019+0900 [http-nio-9282-exec-1] INFO  com.project1.member.MemberController - goSignUp
16:56:16.495+0900 [http-nio-9282-exec-8] INFO  com.project1.member.MemberController - goSignUp
16:56:16.495+0900 [http-nio-9282-exec-8] INFO  com.project1.member.MemberController - goSignUp
17:15:45.052+0900 [http-nio-9282-exec-4] INFO  com.project1.member.MemberController - goSignUp
17:15:45.052+0900 [http-nio-9282-exec-4] INFO  com.project1.member.MemberController - goSignUp
17:37:22.631+0900 [http-nio-9282-exec-4] INFO  com.project1.member.MemberController - goSignUp
17:37:22.631+0900 [http-nio-9282-exec-4] INFO  com.project1.member.MemberController - goSignUp
17:37:30.984+0900 [http-nio-9282-exec-7] INFO  com.project1.order.OrderController - regionSelect
17:37:30.996+0900 [http-nio-9282-exec-5] INFO  com.project1.order.OrderController - regionSelect
17:37:30.996+0900 [http-nio-9282-exec-5] INFO  com.project1.order.OrderController - happilyah@naver.com
17:37:30.996+0900 [http-nio-9282-exec-5] INFO  com.project1.order.OrderController - 1
17:37:30.996+0900 [http-nio-9282-exec-5] INFO  com.project1.order.OrderController - 2023-01-21
17:37:30.996+0900 [http-nio-9282-exec-5] INFO  com.project1.order.OrderController - 2023-01-22
17:37:30.997+0900 [http-nio-9282-exec-5] INFO  com.project1.order.OrderController - am
17:37:30.997+0900 [http-nio-9282-exec-5] INFO  com.project1.order.OrderController - pm
17:37:32.302+0900 [http-nio-9282-exec-4] INFO  com.project1.order.OrderController - purchaseCheck
17:37:32.307+0900 [http-nio-9282-exec-4] INFO  com.project1.order.OrderController - happilyah@naver.com
17:37:32.307+0900 [http-nio-9282-exec-4] INFO  com.project1.order.OrderController - 1
17:38:57.913+0900 [http-nio-9282-exec-3] INFO  com.project1.member.MemberController - goSignUp
17:38:57.913+0900 [http-nio-9282-exec-3] INFO  com.project1.member.MemberController - goSignUp
17:39:07.138+0900 [http-nio-9282-exec-9] INFO  com.project1.order.OrderController - regionSelect
17:39:07.151+0900 [http-nio-9282-exec-1] INFO  com.project1.order.OrderController - regionSelect
17:39:07.151+0900 [http-nio-9282-exec-1] INFO  com.project1.order.OrderController - happilyah@naver.com
17:39:07.151+0900 [http-nio-9282-exec-1] INFO  com.project1.order.OrderController - 1
17:39:07.151+0900 [http-nio-9282-exec-1] INFO  com.project1.order.OrderController - 2023-01-21
17:39:07.151+0900 [http-nio-9282-exec-1] INFO  com.project1.order.OrderController - 2023-01-22
17:39:07.151+0900 [http-nio-9282-exec-1] INFO  com.project1.order.OrderController - am
17:39:07.151+0900 [http-nio-9282-exec-1] INFO  com.project1.order.OrderController - pm
17:39:08.251+0900 [http-nio-9282-exec-3] INFO  com.project1.order.OrderController - purchaseCheck
17:39:08.255+0900 [http-nio-9282-exec-3] INFO  com.project1.order.OrderController - happilyah@naver.com
17:39:08.255+0900 [http-nio-9282-exec-3] INFO  com.project1.order.OrderController - 1
17:39:41.989+0900 [http-nio-9282-exec-2] INFO  com.project1.member.MemberController - goSignUp
17:39:41.989+0900 [http-nio-9282-exec-2] INFO  com.project1.member.MemberController - goSignUp
17:39:43.570+0900 [http-nio-9282-exec-8] INFO  com.project1.member.MemberController - goSignUp
17:39:43.570+0900 [http-nio-9282-exec-8] INFO  com.project1.member.MemberController - goSignUp
17:39:55.243+0900 [http-nio-9282-exec-5] INFO  com.project1.order.OrderController - regionSelect
17:39:55.253+0900 [http-nio-9282-exec-2] INFO  com.project1.order.OrderController - regionSelect
17:39:55.253+0900 [http-nio-9282-exec-2] INFO  com.project1.order.OrderController - happilyah@naver.com
17:39:55.253+0900 [http-nio-9282-exec-2] INFO  com.project1.order.OrderController - 1
17:39:55.253+0900 [http-nio-9282-exec-2] INFO  com.project1.order.OrderController - 2023-01-21
17:39:55.254+0900 [http-nio-9282-exec-2] INFO  com.project1.order.OrderController - 2023-01-22
17:39:55.254+0900 [http-nio-9282-exec-2] INFO  com.project1.order.OrderController - am
17:39:55.254+0900 [http-nio-9282-exec-2] INFO  com.project1.order.OrderController - pm
17:40:01.423+0900 [http-nio-9282-exec-8] INFO  com.project1.order.OrderController - purchaseCheck
17:40:01.425+0900 [http-nio-9282-exec-8] INFO  com.project1.order.OrderController - happilyah@naver.com
17:40:01.425+0900 [http-nio-9282-exec-8] INFO  com.project1.order.OrderController - 1
17:43:40.717+0900 [http-nio-9282-exec-7] INFO  com.project1.member.MemberController - goSignUp
17:43:40.717+0900 [http-nio-9282-exec-7] INFO  com.project1.member.MemberController - goSignUp
17:43:48.737+0900 [http-nio-9282-exec-10] INFO  com.project1.order.OrderController - regionSelect
17:43:48.747+0900 [http-nio-9282-exec-8] INFO  com.project1.order.OrderController - regionSelect
17:43:48.747+0900 [http-nio-9282-exec-8] INFO  com.project1.order.OrderController - happilyah@naver.com
17:43:48.747+0900 [http-nio-9282-exec-8] INFO  com.project1.order.OrderController - 1
17:43:48.747+0900 [http-nio-9282-exec-8] INFO  com.project1.order.OrderController - 2023-01-21
17:43:48.747+0900 [http-nio-9282-exec-8] INFO  com.project1.order.OrderController - 2023-01-22
17:43:48.747+0900 [http-nio-9282-exec-8] INFO  com.project1.order.OrderController - am
17:43:48.747+0900 [http-nio-9282-exec-8] INFO  com.project1.order.OrderController - pm
17:43:51.438+0900 [http-nio-9282-exec-7] INFO  com.project1.order.OrderController - purchaseCheck
17:43:51.441+0900 [http-nio-9282-exec-7] INFO  com.project1.order.OrderController - happilyah@naver.com
17:43:51.441+0900 [http-nio-9282-exec-7] INFO  com.project1.order.OrderController - 1
17:44:15.211+0900 [http-nio-9282-exec-8] INFO  com.project1.member.MemberController - goSignUp
17:44:15.211+0900 [http-nio-9282-exec-8] INFO  com.project1.member.MemberController - goSignUp
17:44:24.169+0900 [http-nio-9282-exec-5] INFO  com.project1.order.OrderController - regionSelect
17:44:24.178+0900 [http-nio-9282-exec-9] INFO  com.project1.order.OrderController - regionSelect
17:44:24.179+0900 [http-nio-9282-exec-9] INFO  com.project1.order.OrderController - happilyah@naver.com
17:44:24.179+0900 [http-nio-9282-exec-9] INFO  com.project1.order.OrderController - 1
17:44:24.179+0900 [http-nio-9282-exec-9] INFO  com.project1.order.OrderController - 2023-01-21
17:44:24.179+0900 [http-nio-9282-exec-9] INFO  com.project1.order.OrderController - 2023-01-22
17:44:24.179+0900 [http-nio-9282-exec-9] INFO  com.project1.order.OrderController - am
17:44:24.179+0900 [http-nio-9282-exec-9] INFO  com.project1.order.OrderController - pm
17:44:25.143+0900 [http-nio-9282-exec-8] INFO  com.project1.order.OrderController - purchaseCheck
17:44:25.146+0900 [http-nio-9282-exec-8] INFO  com.project1.order.OrderController - happilyah@naver.com
17:44:25.146+0900 [http-nio-9282-exec-8] INFO  com.project1.order.OrderController - 1
17:45:26.580+0900 [http-nio-9282-exec-4] INFO  com.project1.member.MemberController - goSignUp
17:45:26.580+0900 [http-nio-9282-exec-4] INFO  com.project1.member.MemberController - goSignUp
17:45:28.629+0900 [http-nio-9282-exec-10] INFO  com.project1.member.MemberController - goSignUp
17:45:28.629+0900 [http-nio-9282-exec-10] INFO  com.project1.member.MemberController - goSignUp
17:45:30.163+0900 [http-nio-9282-exec-7] INFO  com.project1.member.MemberController - goSignUp
17:45:30.163+0900 [http-nio-9282-exec-7] INFO  com.project1.member.MemberController - goSignUp
17:45:37.666+0900 [http-nio-9282-exec-5] INFO  com.project1.order.OrderController - regionSelect
17:45:37.674+0900 [http-nio-9282-exec-3] INFO  com.project1.order.OrderController - regionSelect
17:45:37.674+0900 [http-nio-9282-exec-3] INFO  com.project1.order.OrderController - happilyah@naver.com
17:45:37.674+0900 [http-nio-9282-exec-3] INFO  com.project1.order.OrderController - 1
17:45:37.674+0900 [http-nio-9282-exec-3] INFO  com.project1.order.OrderController - 2023-01-20
17:45:37.674+0900 [http-nio-9282-exec-3] INFO  com.project1.order.OrderController - 2023-01-21
17:45:37.674+0900 [http-nio-9282-exec-3] INFO  com.project1.order.OrderController - am
17:45:37.674+0900 [http-nio-9282-exec-3] INFO  com.project1.order.OrderController - pm
17:45:39.334+0900 [http-nio-9282-exec-1] INFO  com.project1.order.OrderController - purchaseCheck
17:45:39.337+0900 [http-nio-9282-exec-1] INFO  com.project1.order.OrderController - happilyah@naver.com
17:45:39.337+0900 [http-nio-9282-exec-1] INFO  com.project1.order.OrderController - 1
17:46:05.640+0900 [http-nio-9282-exec-4] INFO  com.project1.member.MemberController - goSignUp
17:46:05.640+0900 [http-nio-9282-exec-4] INFO  com.project1.member.MemberController - goSignUp
17:46:13.758+0900 [http-nio-9282-exec-10] INFO  com.project1.order.OrderController - regionSelect
17:46:13.768+0900 [http-nio-9282-exec-7] INFO  com.project1.order.OrderController - regionSelect
17:46:13.768+0900 [http-nio-9282-exec-7] INFO  com.project1.order.OrderController - happilyah@naver.com
17:46:13.768+0900 [http-nio-9282-exec-7] INFO  com.project1.order.OrderController - 1
17:46:13.768+0900 [http-nio-9282-exec-7] INFO  com.project1.order.OrderController - 2023-01-21
17:46:13.768+0900 [http-nio-9282-exec-7] INFO  com.project1.order.OrderController - 2023-01-22
17:46:13.768+0900 [http-nio-9282-exec-7] INFO  com.project1.order.OrderController - am
17:46:13.768+0900 [http-nio-9282-exec-7] INFO  com.project1.order.OrderController - pm
17:46:14.743+0900 [http-nio-9282-exec-4] INFO  com.project1.order.OrderController - purchaseCheck
17:46:14.747+0900 [http-nio-9282-exec-4] INFO  com.project1.order.OrderController - happilyah@naver.com
17:46:14.747+0900 [http-nio-9282-exec-4] INFO  com.project1.order.OrderController - 1
17:47:43.422+0900 [http-nio-9282-exec-9] INFO  com.project1.member.MemberController - goSignUp
17:47:43.422+0900 [http-nio-9282-exec-9] INFO  com.project1.member.MemberController - goSignUp
17:47:50.287+0900 [http-nio-9282-exec-10] INFO  com.project1.order.OrderController - regionSelect
17:47:50.297+0900 [http-nio-9282-exec-2] INFO  com.project1.order.OrderController - regionSelect
17:47:50.298+0900 [http-nio-9282-exec-2] INFO  com.project1.order.OrderController - happilyah@naver.com
17:47:50.298+0900 [http-nio-9282-exec-2] INFO  com.project1.order.OrderController - 1
17:47:50.298+0900 [http-nio-9282-exec-2] INFO  com.project1.order.OrderController - 2023-01-20
17:47:50.298+0900 [http-nio-9282-exec-2] INFO  com.project1.order.OrderController - 2023-01-21
17:47:50.298+0900 [http-nio-9282-exec-2] INFO  com.project1.order.OrderController - am
17:47:50.298+0900 [http-nio-9282-exec-2] INFO  com.project1.order.OrderController - pm
17:47:51.098+0900 [http-nio-9282-exec-9] INFO  com.project1.order.OrderController - purchaseCheck
17:47:51.102+0900 [http-nio-9282-exec-9] INFO  com.project1.order.OrderController - happilyah@naver.com
17:47:51.102+0900 [http-nio-9282-exec-9] INFO  com.project1.order.OrderController - 1
17:48:12.494+0900 [http-nio-9282-exec-8] INFO  com.project1.member.MemberController - goSignUp
17:48:12.494+0900 [http-nio-9282-exec-8] INFO  com.project1.member.MemberController - goSignUp
17:48:20.825+0900 [http-nio-9282-exec-10] INFO  com.project1.order.OrderController - regionSelect
17:48:20.835+0900 [http-nio-9282-exec-7] INFO  com.project1.order.OrderController - regionSelect
17:48:20.836+0900 [http-nio-9282-exec-7] INFO  com.project1.order.OrderController - happilyah@naver.com
17:48:20.836+0900 [http-nio-9282-exec-7] INFO  com.project1.order.OrderController - 1
17:48:20.836+0900 [http-nio-9282-exec-7] INFO  com.project1.order.OrderController - 2023-01-20
17:48:20.836+0900 [http-nio-9282-exec-7] INFO  com.project1.order.OrderController - 2023-01-21
17:48:20.836+0900 [http-nio-9282-exec-7] INFO  com.project1.order.OrderController - am
17:48:20.836+0900 [http-nio-9282-exec-7] INFO  com.project1.order.OrderController - pm
17:48:21.552+0900 [http-nio-9282-exec-8] INFO  com.project1.order.OrderController - purchaseCheck
17:48:21.556+0900 [http-nio-9282-exec-8] INFO  com.project1.order.OrderController - happilyah@naver.com
17:48:21.556+0900 [http-nio-9282-exec-8] INFO  com.project1.order.OrderController - 1
17:52:05.673+0900 [http-nio-9282-exec-9] INFO  com.project1.member.MemberController - goSignUp
17:52:05.673+0900 [http-nio-9282-exec-9] INFO  com.project1.member.MemberController - goSignUp
18:07:26.276+0900 [http-nio-9282-exec-9] INFO  com.project1.member.MemberController - goSignUp
18:07:26.276+0900 [http-nio-9282-exec-9] INFO  com.project1.member.MemberController - goSignUp
18:07:26.341+0900 [http-nio-9282-exec-4] INFO  com.project1.member.MemberController - goSignUp
18:07:26.341+0900 [http-nio-9282-exec-4] INFO  com.project1.member.MemberController - goSignUp
18:08:05.077+0900 [http-nio-9282-exec-4] INFO  com.project1.member.MemberController - goSignUp
18:08:05.077+0900 [http-nio-9282-exec-4] INFO  com.project1.member.MemberController - goSignUp
18:08:18.890+0900 [http-nio-9282-exec-7] INFO  com.project1.member.MemberController - goSignUp
18:08:18.890+0900 [http-nio-9282-exec-7] INFO  com.project1.member.MemberController - goSignUp
18:08:20.217+0900 [http-nio-9282-exec-6] INFO  com.project1.member.MemberController - goSignUp
18:08:20.217+0900 [http-nio-9282-exec-6] INFO  com.project1.member.MemberController - goSignUp
18:42:49.531+0900 [http-nio-9282-exec-4] INFO  com.project1.member.MemberController - goSignUp
18:42:49.531+0900 [http-nio-9282-exec-4] INFO  com.project1.member.MemberController - goSignUp
18:42:53.993+0900 [http-nio-9282-exec-3] INFO  com.project1.member.MemberController - callCallBack
18:42:53.993+0900 [http-nio-9282-exec-3] INFO  com.project1.member.MemberController - callCallBack
18:42:54.439+0900 [http-nio-9282-exec-7] INFO  com.project1.member.MemberController - goSignUp
18:42:54.439+0900 [http-nio-9282-exec-7] INFO  com.project1.member.MemberController - goSignUp
18:42:54.550+0900 [http-nio-9282-exec-10] INFO  com.project1.member.MemberController - naverCheck
18:42:54.550+0900 [http-nio-9282-exec-10] INFO  com.project1.member.MemberController - naverCheck
18:42:54.551+0900 [http-nio-9282-exec-10] INFO  com.project1.member.MemberService - serviceNaverCheck
18:42:54.551+0900 [http-nio-9282-exec-10] INFO  com.project1.member.MemberService - serviceNaverCheck
18:42:54.971+0900 [http-nio-9282-exec-3] INFO  com.project1.member.MemberController - goSignUp
18:42:54.971+0900 [http-nio-9282-exec-3] INFO  com.project1.member.MemberController - goSignUp
18:42:56.506+0900 [http-nio-9282-exec-10] INFO  com.project1.member.MemberController - goSignUp
18:42:56.506+0900 [http-nio-9282-exec-10] INFO  com.project1.member.MemberController - goSignUp
18:43:46.899+0900 [http-nio-9282-exec-3] INFO  com.project1.member.MemberController - goSignUp
18:43:46.899+0900 [http-nio-9282-exec-3] INFO  com.project1.member.MemberController - goSignUp
18:45:17.523+0900 [http-nio-9282-exec-10] INFO  com.project1.member.MemberController - goSignUp
18:45:17.523+0900 [http-nio-9282-exec-10] INFO  com.project1.member.MemberController - goSignUp
18:45:59.601+0900 [http-nio-9282-exec-3] INFO  com.project1.member.MemberController - goSignUp
18:45:59.601+0900 [http-nio-9282-exec-3] INFO  com.project1.member.MemberController - goSignUp
18:47:24.089+0900 [http-nio-9282-exec-5] INFO  com.project1.member.MemberController - goSignUp
18:47:24.089+0900 [http-nio-9282-exec-5] INFO  com.project1.member.MemberController - goSignUp
18:47:33.451+0900 [http-nio-9282-exec-9] INFO  com.project1.order.OrderController - regionSelect
18:47:33.461+0900 [http-nio-9282-exec-3] INFO  com.project1.order.OrderController - regionSelect
18:47:33.461+0900 [http-nio-9282-exec-3] INFO  com.project1.order.OrderController - happilyah@naver.com
18:47:33.461+0900 [http-nio-9282-exec-3] INFO  com.project1.order.OrderController - 1
18:47:33.461+0900 [http-nio-9282-exec-3] INFO  com.project1.order.OrderController - 2023-01-20
18:47:33.461+0900 [http-nio-9282-exec-3] INFO  com.project1.order.OrderController - 2023-01-21
18:47:33.461+0900 [http-nio-9282-exec-3] INFO  com.project1.order.OrderController - am
18:47:33.461+0900 [http-nio-9282-exec-3] INFO  com.project1.order.OrderController - pm
18:47:34.489+0900 [http-nio-9282-exec-5] INFO  com.project1.order.OrderController - purchaseCheck
18:47:34.493+0900 [http-nio-9282-exec-5] INFO  com.project1.order.OrderController - happilyah@naver.com
18:47:34.493+0900 [http-nio-9282-exec-5] INFO  com.project1.order.OrderController - 1
18:47:56.641+0900 [http-nio-9282-exec-8] INFO  com.project1.member.MemberController - goSignUp
18:47:56.641+0900 [http-nio-9282-exec-8] INFO  com.project1.member.MemberController - goSignUp
18:48:05.118+0900 [http-nio-9282-exec-5] INFO  com.project1.order.OrderController - regionSelect
18:48:05.128+0900 [http-nio-9282-exec-9] INFO  com.project1.order.OrderController - regionSelect
18:48:05.128+0900 [http-nio-9282-exec-9] INFO  com.project1.order.OrderController - happilyah@naver.com
18:48:05.128+0900 [http-nio-9282-exec-9] INFO  com.project1.order.OrderController - 1
18:48:05.128+0900 [http-nio-9282-exec-9] INFO  com.project1.order.OrderController - 2023-01-21
18:48:05.128+0900 [http-nio-9282-exec-9] INFO  com.project1.order.OrderController - 2023-01-22
18:48:05.128+0900 [http-nio-9282-exec-9] INFO  com.project1.order.OrderController - am
18:48:05.128+0900 [http-nio-9282-exec-9] INFO  com.project1.order.OrderController - pm
18:48:05.714+0900 [http-nio-9282-exec-8] INFO  com.project1.order.OrderController - purchaseCheck
18:48:05.716+0900 [http-nio-9282-exec-8] INFO  com.project1.order.OrderController - happilyah@naver.com
18:48:05.716+0900 [http-nio-9282-exec-8] INFO  com.project1.order.OrderController - 1
18:48:11.021+0900 [http-nio-9282-exec-10] INFO  com.project1.member.MemberController - goSignUp
18:48:11.021+0900 [http-nio-9282-exec-10] INFO  com.project1.member.MemberController - goSignUp
18:50:34.494+0900 [http-nio-9282-exec-8] INFO  com.project1.member.MemberController - goSignUp
18:50:34.494+0900 [http-nio-9282-exec-8] INFO  com.project1.member.MemberController - goSignUp
18:50:39.436+0900 [http-nio-9282-exec-8] INFO  com.project1.member.MemberController - goSignUp
18:50:39.436+0900 [http-nio-9282-exec-8] INFO  com.project1.member.MemberController - goSignUp
18:50:52.249+0900 [http-nio-9282-exec-1] INFO  com.project1.member.MemberController - goSignUp
18:50:52.249+0900 [http-nio-9282-exec-1] INFO  com.project1.member.MemberController - goSignUp
20:19:11.781+0900 [HikariPool-1 housekeeper] WARN  com.zaxxer.hikari.pool.HikariPool - HikariPool-1 - Thread starvation or clock leap detected (housekeeper delta=1h27m25s201ms227µs200ns).
20:19:40.279+0900 [http-nio-9282-exec-8] INFO  com.project1.member.MemberController - goSignUp
20:19:40.279+0900 [http-nio-9282-exec-8] INFO  com.project1.member.MemberController - goSignUp
20:19:43.448+0900 [http-nio-9282-exec-4] INFO  com.project1.member.MemberController - goSignUp
20:19:43.448+0900 [http-nio-9282-exec-4] INFO  com.project1.member.MemberController - goSignUp
20:19:44.517+0900 [http-nio-9282-exec-6] INFO  com.project1.member.MemberController - callCallBack
20:19:44.517+0900 [http-nio-9282-exec-6] INFO  com.project1.member.MemberController - callCallBack
20:19:44.627+0900 [http-nio-9282-exec-1] INFO  com.project1.member.MemberController - goSignUp
20:19:44.627+0900 [http-nio-9282-exec-1] INFO  com.project1.member.MemberController - goSignUp
20:19:44.683+0900 [http-nio-9282-exec-7] INFO  com.project1.member.MemberController - naverCheck
20:19:44.683+0900 [http-nio-9282-exec-7] INFO  com.project1.member.MemberController - naverCheck
20:19:44.685+0900 [http-nio-9282-exec-7] INFO  com.project1.member.MemberService - serviceNaverCheck
20:19:44.685+0900 [http-nio-9282-exec-7] INFO  com.project1.member.MemberService - serviceNaverCheck
20:19:44.856+0900 [http-nio-9282-exec-2] INFO  com.project1.member.MemberController - goSignUp
20:19:44.856+0900 [http-nio-9282-exec-2] INFO  com.project1.member.MemberController - goSignUp
20:19:46.251+0900 [http-nio-9282-exec-1] INFO  com.project1.member.MemberController - goSignUp
20:19:46.251+0900 [http-nio-9282-exec-1] INFO  com.project1.member.MemberController - goSignUp
20:20:41.498+0900 [http-nio-9282-exec-1] INFO  com.project1.member.MemberController - goSignUp
20:20:41.498+0900 [http-nio-9282-exec-1] INFO  com.project1.member.MemberController - goSignUp
20:22:13.538+0900 [http-nio-9282-exec-2] INFO  com.project1.member.MemberController - goSignUp
20:22:13.538+0900 [http-nio-9282-exec-2] INFO  com.project1.member.MemberController - goSignUp
20:22:18.482+0900 [http-nio-9282-exec-7] INFO  com.project1.member.MemberController - goSignUp
20:22:18.482+0900 [http-nio-9282-exec-7] INFO  com.project1.member.MemberController - goSignUp
20:24:27.341+0900 [http-nio-9282-exec-3] INFO  com.project1.order.OrderController - regionSelect
20:24:27.383+0900 [http-nio-9282-exec-5] INFO  com.project1.order.OrderController - regionSelect
20:24:27.383+0900 [http-nio-9282-exec-5] INFO  com.project1.order.OrderController - happilyah@naver.com
20:24:27.383+0900 [http-nio-9282-exec-5] INFO  com.project1.order.OrderController - 1
20:24:27.383+0900 [http-nio-9282-exec-5] INFO  com.project1.order.OrderController - 2023-01-20
20:24:27.383+0900 [http-nio-9282-exec-5] INFO  com.project1.order.OrderController - 2023-01-21
20:24:27.383+0900 [http-nio-9282-exec-5] INFO  com.project1.order.OrderController - am
20:24:27.383+0900 [http-nio-9282-exec-5] INFO  com.project1.order.OrderController - pm
20:24:30.293+0900 [http-nio-9282-exec-9] INFO  com.project1.order.OrderController - purchaseCheck
20:24:30.300+0900 [http-nio-9282-exec-9] INFO  com.project1.order.OrderController - happilyah@naver.com
20:24:30.300+0900 [http-nio-9282-exec-9] INFO  com.project1.order.OrderController - 1
20:25:10.365+0900 [http-nio-9282-exec-10] INFO  com.project1.member.MemberController - goSignUp
20:25:10.365+0900 [http-nio-9282-exec-10] INFO  com.project1.member.MemberController - goSignUp
20:25:21.277+0900 [http-nio-9282-exec-8] INFO  com.project1.order.OrderController - regionSelect
20:25:21.295+0900 [http-nio-9282-exec-9] INFO  com.project1.order.OrderController - regionSelect
20:25:21.295+0900 [http-nio-9282-exec-9] INFO  com.project1.order.OrderController - happilyah@naver.com
20:25:21.295+0900 [http-nio-9282-exec-9] INFO  com.project1.order.OrderController - 1
20:25:21.295+0900 [http-nio-9282-exec-9] INFO  com.project1.order.OrderController - 2023-01-20
20:25:21.295+0900 [http-nio-9282-exec-9] INFO  com.project1.order.OrderController - 2023-01-21
20:25:21.295+0900 [http-nio-9282-exec-9] INFO  com.project1.order.OrderController - am
20:25:21.295+0900 [http-nio-9282-exec-9] INFO  com.project1.order.OrderController - am
20:25:23.778+0900 [http-nio-9282-exec-10] INFO  com.project1.order.OrderController - purchaseCheck
20:25:23.784+0900 [http-nio-9282-exec-10] INFO  com.project1.order.OrderController - happilyah@naver.com
20:25:23.785+0900 [http-nio-9282-exec-10] INFO  com.project1.order.OrderController - 1
20:30:42.510+0900 [http-nio-9282-exec-8] INFO  com.project1.member.MemberController - goSignUp
20:30:42.510+0900 [http-nio-9282-exec-8] INFO  com.project1.member.MemberController - goSignUp
20:31:00.626+0900 [http-nio-9282-exec-9] INFO  com.project1.member.MemberController - goSignUp
20:31:00.626+0900 [http-nio-9282-exec-9] INFO  com.project1.member.MemberController - goSignUp
20:31:03.869+0900 [http-nio-9282-exec-10] INFO  com.project1.member.MemberController - goSignUp
20:31:03.869+0900 [http-nio-9282-exec-10] INFO  com.project1.member.MemberController - goSignUp
20:43:51.251+0900 [http-nio-9282-exec-8] INFO  com.project1.member.MemberController - goSignUp
20:43:51.251+0900 [http-nio-9282-exec-8] INFO  com.project1.member.MemberController - goSignUp
20:43:59.330+0900 [http-nio-9282-exec-9] INFO  com.project1.member.MemberController - goSignUp
20:43:59.330+0900 [http-nio-9282-exec-9] INFO  com.project1.member.MemberController - goSignUp
20:44:13.543+0900 [http-nio-9282-exec-10] INFO  com.project1.member.MemberController - goSignUp
20:44:13.543+0900 [http-nio-9282-exec-10] INFO  com.project1.member.MemberController - goSignUp
20:45:59.219+0900 [http-nio-9282-exec-4] INFO  com.project1.member.MemberController - goSignUp
20:45:59.219+0900 [http-nio-9282-exec-4] INFO  com.project1.member.MemberController - goSignUp
